{"D:\\KPT-Website\\backend\\app.js": {"path":"D:\\KPT-Website\\backend\\app.js","statementMap":{"0":{"start":{"line":1,"column":16},"end":{"line":1,"column":34}},"1":{"start":{"line":2,"column":13},"end":{"line":2,"column":28}},"2":{"start":{"line":4,"column":12},"end":{"line":4,"column":21}},"3":{"start":{"line":8,"column":2},"end":{"line":8,"column":44}},"4":{"start":{"line":8,"column":32},"end":{"line":8,"column":44}},"5":{"start":{"line":12,"column":0},"end":{"line":12,"column":29}},"6":{"start":{"line":15,"column":0},"end":{"line":15,"column":61}},"7":{"start":{"line":15,"column":33},"end":{"line":15,"column":59}},"8":{"start":{"line":19,"column":2},"end":{"line":26,"column":3}},"9":{"start":{"line":21,"column":14},"end":{"line":21,"column":33}},"10":{"start":{"line":22,"column":4},"end":{"line":22,"column":60}},"11":{"start":{"line":22,"column":38},"end":{"line":22,"column":60}},"12":{"start":{"line":25,"column":4},"end":{"line":25,"column":112}},"13":{"start":{"line":30,"column":0},"end":{"line":30,"column":55}},"14":{"start":{"line":31,"column":0},"end":{"line":31,"column":40}},"15":{"start":{"line":32,"column":0},"end":{"line":32,"column":53}},"16":{"start":{"line":33,"column":0},"end":{"line":33,"column":69}},"17":{"start":{"line":34,"column":0},"end":{"line":34,"column":56}},"18":{"start":{"line":35,"column":0},"end":{"line":35,"column":73}},"19":{"start":{"line":36,"column":0},"end":{"line":36,"column":54}},"20":{"start":{"line":37,"column":0},"end":{"line":37,"column":78}},"21":{"start":{"line":38,"column":0},"end":{"line":38,"column":55}},"22":{"start":{"line":41,"column":0},"end":{"line":48,"column":1}},"23":{"start":{"line":42,"column":20},"end":{"line":42,"column":49}},"24":{"start":{"line":43,"column":15},"end":{"line":43,"column":32}},"25":{"start":{"line":44,"column":18},"end":{"line":44,"column":73}},"26":{"start":{"line":45,"column":2},"end":{"line":45,"column":62}},"27":{"start":{"line":47,"column":2},"end":{"line":47,"column":82}},"28":{"start":{"line":51,"column":0},"end":{"line":51,"column":70}},"29":{"start":{"line":51,"column":22},"end":{"line":51,"column":68}},"30":{"start":{"line":54,"column":21},"end":{"line":54,"column":62}},"31":{"start":{"line":55,"column":0},"end":{"line":55,"column":22}},"32":{"start":{"line":57,"column":0},"end":{"line":57,"column":21}}},"fnMap":{"0":{"name":"useIf","decl":{"start":{"line":7,"column":9},"end":{"line":7,"column":14}},"loc":{"start":{"line":7,"column":19},"end":{"line":9,"column":1}},"line":7},"1":{"name":"(anonymous_1)","decl":{"start":{"line":15,"column":19},"end":{"line":15,"column":20}},"loc":{"start":{"line":15,"column":33},"end":{"line":15,"column":59}},"line":15},"2":{"name":"safeMount","decl":{"start":{"line":18,"column":9},"end":{"line":18,"column":18}},"loc":{"start":{"line":18,"column":42},"end":{"line":27,"column":1}},"line":18},"3":{"name":"(anonymous_3)","decl":{"start":{"line":51,"column":8},"end":{"line":51,"column":9}},"loc":{"start":{"line":51,"column":22},"end":{"line":51,"column":68}},"line":51}},"branchMap":{"0":{"loc":{"start":{"line":8,"column":2},"end":{"line":8,"column":44}},"type":"if","locations":[{"start":{"line":8,"column":2},"end":{"line":8,"column":44}},{"start":{},"end":{}}],"line":8},"1":{"loc":{"start":{"line":22,"column":4},"end":{"line":22,"column":60}},"type":"if","locations":[{"start":{"line":22,"column":4},"end":{"line":22,"column":60}},{"start":{},"end":{}}],"line":22},"2":{"loc":{"start":{"line":22,"column":8},"end":{"line":22,"column":36}},"type":"binary-expr","locations":[{"start":{"line":22,"column":8},"end":{"line":22,"column":9}},{"start":{"line":22,"column":13},"end":{"line":22,"column":36}}],"line":22},"3":{"loc":{"start":{"line":25,"column":70},"end":{"line":25,"column":108}},"type":"cond-expr","locations":[{"start":{"line":25,"column":91},"end":{"line":25,"column":102}},{"start":{"line":25,"column":105},"end":{"line":25,"column":108}}],"line":25},"4":{"loc":{"start":{"line":25,"column":70},"end":{"line":25,"column":88}},"type":"binary-expr","locations":[{"start":{"line":25,"column":70},"end":{"line":25,"column":73}},{"start":{"line":25,"column":77},"end":{"line":25,"column":88}}],"line":25},"5":{"loc":{"start":{"line":47,"column":42},"end":{"line":47,"column":80}},"type":"cond-expr","locations":[{"start":{"line":47,"column":63},"end":{"line":47,"column":74}},{"start":{"line":47,"column":77},"end":{"line":47,"column":80}}],"line":47},"6":{"loc":{"start":{"line":47,"column":42},"end":{"line":47,"column":60}},"type":"binary-expr","locations":[{"start":{"line":47,"column":42},"end":{"line":47,"column":45}},{"start":{"line":47,"column":49},"end":{"line":47,"column":60}}],"line":47}},"s":{"0":7,"1":7,"2":7,"3":0,"4":0,"5":7,"6":7,"7":0,"8":63,"9":63,"10":63,"11":63,"12":0,"13":7,"14":7,"15":7,"16":7,"17":7,"18":7,"19":7,"20":7,"21":7,"22":7,"23":7,"24":7,"25":7,"26":7,"27":0,"28":7,"29":0,"30":7,"31":7,"32":7},"f":{"0":0,"1":0,"2":63,"3":0},"b":{"0":[0,0],"1":[63,0],"2":[63,63],"3":[0,0],"4":[0,0],"5":[0,0],"6":[0,0]},"_coverageSchema":"1a1c01bbd47fc00a2c39e90264f33305004495a9","hash":"17f574d720a658054e3ad78010dc1495e374966a"}
,"D:\\KPT-Website\\backend\\config\\cloudinary.js": {"path":"D:\\KPT-Website\\backend\\config\\cloudinary.js","statementMap":{"0":{"start":{"line":1,"column":19},"end":{"line":1,"column":43}},"1":{"start":{"line":2,"column":21},"end":{"line":2,"column":38}},"2":{"start":{"line":9,"column":95},"end":{"line":9,"column":106}},"3":{"start":{"line":11,"column":2},"end":{"line":14,"column":3}},"4":{"start":{"line":12,"column":4},"end":{"line":12,"column":58}},"5":{"start":{"line":13,"column":4},"end":{"line":13,"column":22}},"6":{"start":{"line":16,"column":2},"end":{"line":18,"column":3}},"7":{"start":{"line":17,"column":4},"end":{"line":17,"column":144}},"8":{"start":{"line":20,"column":2},"end":{"line":24,"column":5}},"9":{"start":{"line":26,"column":2},"end":{"line":26,"column":20}},"10":{"start":{"line":34,"column":2},"end":{"line":39,"column":5}},"11":{"start":{"line":35,"column":4},"end":{"line":38,"column":7}},"12":{"start":{"line":36,"column":6},"end":{"line":36,"column":34}},"13":{"start":{"line":36,"column":15},"end":{"line":36,"column":34}},"14":{"start":{"line":37,"column":6},"end":{"line":37,"column":22}},"15":{"start":{"line":48,"column":2},"end":{"line":63,"column":5}},"16":{"start":{"line":49,"column":25},"end":{"line":52,"column":6}},"17":{"start":{"line":50,"column":6},"end":{"line":50,"column":34}},"18":{"start":{"line":50,"column":15},"end":{"line":50,"column":34}},"19":{"start":{"line":51,"column":6},"end":{"line":51,"column":22}},"20":{"start":{"line":55,"column":4},"end":{"line":62,"column":5}},"21":{"start":{"line":56,"column":23},"end":{"line":56,"column":45}},"22":{"start":{"line":57,"column":6},"end":{"line":57,"column":34}},"23":{"start":{"line":58,"column":11},"end":{"line":62,"column":5}},"24":{"start":{"line":59,"column":6},"end":{"line":59,"column":31}},"25":{"start":{"line":61,"column":6},"end":{"line":61,"column":94}},"26":{"start":{"line":70,"column":2},"end":{"line":75,"column":5}},"27":{"start":{"line":71,"column":4},"end":{"line":74,"column":7}},"28":{"start":{"line":72,"column":6},"end":{"line":72,"column":34}},"29":{"start":{"line":72,"column":15},"end":{"line":72,"column":34}},"30":{"start":{"line":73,"column":6},"end":{"line":73,"column":22}},"31":{"start":{"line":79,"column":14},"end":{"line":79,"column":65}},"32":{"start":{"line":80,"column":2},"end":{"line":80,"column":22}},"33":{"start":{"line":83,"column":0},"end":{"line":90,"column":2}}},"fnMap":{"0":{"name":"configure","decl":{"start":{"line":8,"column":9},"end":{"line":8,"column":18}},"loc":{"start":{"line":8,"column":21},"end":{"line":27,"column":1}},"line":8},"1":{"name":"upload","decl":{"start":{"line":33,"column":9},"end":{"line":33,"column":15}},"loc":{"start":{"line":33,"column":38},"end":{"line":40,"column":1}},"line":33},"2":{"name":"(anonymous_2)","decl":{"start":{"line":34,"column":21},"end":{"line":34,"column":22}},"loc":{"start":{"line":34,"column":42},"end":{"line":39,"column":3}},"line":34},"3":{"name":"(anonymous_3)","decl":{"start":{"line":35,"column":48},"end":{"line":35,"column":49}},"loc":{"start":{"line":35,"column":65},"end":{"line":38,"column":5}},"line":35},"4":{"name":"uploadStream","decl":{"start":{"line":47,"column":9},"end":{"line":47,"column":21}},"loc":{"start":{"line":47,"column":43},"end":{"line":64,"column":1}},"line":47},"5":{"name":"(anonymous_5)","decl":{"start":{"line":48,"column":21},"end":{"line":48,"column":22}},"loc":{"start":{"line":48,"column":42},"end":{"line":63,"column":3}},"line":48},"6":{"name":"(anonymous_6)","decl":{"start":{"line":49,"column":68},"end":{"line":49,"column":69}},"loc":{"start":{"line":49,"column":85},"end":{"line":52,"column":5}},"line":49},"7":{"name":"destroy","decl":{"start":{"line":69,"column":9},"end":{"line":69,"column":16}},"loc":{"start":{"line":69,"column":41},"end":{"line":76,"column":1}},"line":69},"8":{"name":"(anonymous_8)","decl":{"start":{"line":70,"column":21},"end":{"line":70,"column":22}},"loc":{"start":{"line":70,"column":42},"end":{"line":75,"column":3}},"line":70},"9":{"name":"(anonymous_9)","decl":{"start":{"line":71,"column":51},"end":{"line":71,"column":52}},"loc":{"start":{"line":71,"column":68},"end":{"line":74,"column":5}},"line":71},"10":{"name":"isConfigured","decl":{"start":{"line":78,"column":9},"end":{"line":78,"column":21}},"loc":{"start":{"line":78,"column":24},"end":{"line":81,"column":1}},"line":78}},"branchMap":{"0":{"loc":{"start":{"line":11,"column":2},"end":{"line":14,"column":3}},"type":"if","locations":[{"start":{"line":11,"column":2},"end":{"line":14,"column":3}},{"start":{},"end":{}}],"line":11},"1":{"loc":{"start":{"line":16,"column":2},"end":{"line":18,"column":3}},"type":"if","locations":[{"start":{"line":16,"column":2},"end":{"line":18,"column":3}},{"start":{},"end":{}}],"line":16},"2":{"loc":{"start":{"line":16,"column":6},"end":{"line":16,"column":77}},"type":"binary-expr","locations":[{"start":{"line":16,"column":6},"end":{"line":16,"column":28}},{"start":{"line":16,"column":32},"end":{"line":16,"column":51}},{"start":{"line":16,"column":55},"end":{"line":16,"column":77}}],"line":16},"3":{"loc":{"start":{"line":33,"column":24},"end":{"line":33,"column":36}},"type":"default-arg","locations":[{"start":{"line":33,"column":34},"end":{"line":33,"column":36}}],"line":33},"4":{"loc":{"start":{"line":36,"column":6},"end":{"line":36,"column":34}},"type":"if","locations":[{"start":{"line":36,"column":6},"end":{"line":36,"column":34}},{"start":{},"end":{}}],"line":36},"5":{"loc":{"start":{"line":47,"column":29},"end":{"line":47,"column":41}},"type":"default-arg","locations":[{"start":{"line":47,"column":39},"end":{"line":47,"column":41}}],"line":47},"6":{"loc":{"start":{"line":50,"column":6},"end":{"line":50,"column":34}},"type":"if","locations":[{"start":{"line":50,"column":6},"end":{"line":50,"column":34}},{"start":{},"end":{}}],"line":50},"7":{"loc":{"start":{"line":55,"column":4},"end":{"line":62,"column":5}},"type":"if","locations":[{"start":{"line":55,"column":4},"end":{"line":62,"column":5}},{"start":{"line":58,"column":11},"end":{"line":62,"column":5}}],"line":55},"8":{"loc":{"start":{"line":58,"column":11},"end":{"line":62,"column":5}},"type":"if","locations":[{"start":{"line":58,"column":11},"end":{"line":62,"column":5}},{"start":{"line":60,"column":11},"end":{"line":62,"column":5}}],"line":58},"9":{"loc":{"start":{"line":58,"column":15},"end":{"line":58,"column":56}},"type":"binary-expr","locations":[{"start":{"line":58,"column":15},"end":{"line":58,"column":20}},{"start":{"line":58,"column":24},"end":{"line":58,"column":56}}],"line":58},"10":{"loc":{"start":{"line":69,"column":27},"end":{"line":69,"column":39}},"type":"default-arg","locations":[{"start":{"line":69,"column":37},"end":{"line":69,"column":39}}],"line":69},"11":{"loc":{"start":{"line":72,"column":6},"end":{"line":72,"column":34}},"type":"if","locations":[{"start":{"line":72,"column":6},"end":{"line":72,"column":34}},{"start":{},"end":{}}],"line":72},"12":{"loc":{"start":{"line":79,"column":14},"end":{"line":79,"column":65}},"type":"binary-expr","locations":[{"start":{"line":79,"column":14},"end":{"line":79,"column":31}},{"start":{"line":79,"column":35},"end":{"line":79,"column":65}}],"line":79}},"s":{"0":6,"1":6,"2":0,"3":0,"4":0,"5":0,"6":0,"7":0,"8":0,"9":0,"10":0,"11":0,"12":0,"13":0,"14":0,"15":0,"16":0,"17":0,"18":0,"19":0,"20":0,"21":0,"22":0,"23":0,"24":0,"25":0,"26":0,"27":0,"28":0,"29":0,"30":0,"31":0,"32":0,"33":6},"f":{"0":0,"1":0,"2":0,"3":0,"4":0,"5":0,"6":0,"7":0,"8":0,"9":0,"10":0},"b":{"0":[0,0],"1":[0,0],"2":[0,0,0],"3":[0],"4":[0,0],"5":[0],"6":[0,0],"7":[0,0],"8":[0,0],"9":[0,0],"10":[0],"11":[0,0],"12":[0,0]},"_coverageSchema":"1a1c01bbd47fc00a2c39e90264f33305004495a9","hash":"e0e1b15510a0dae08e89c5de81c2216e2b22f32b"}
,"D:\\KPT-Website\\backend\\loaders\\mongooseLoader.js": {"path":"D:\\KPT-Website\\backend\\loaders\\mongooseLoader.js","statementMap":{"0":{"start":{"line":1,"column":0},"end":{"line":1,"column":27}},"1":{"start":{"line":2,"column":17},"end":{"line":2,"column":36}},"2":{"start":{"line":3,"column":29},"end":{"line":3,"column":58}},"3":{"start":{"line":6,"column":0},"end":{"line":39,"column":2}},"4":{"start":{"line":7,"column":2},"end":{"line":14,"column":5}},"5":{"start":{"line":17,"column":2},"end":{"line":19,"column":5}},"6":{"start":{"line":18,"column":4},"end":{"line":18,"column":51}},"7":{"start":{"line":21,"column":2},"end":{"line":23,"column":5}},"8":{"start":{"line":22,"column":4},"end":{"line":22,"column":55}},"9":{"start":{"line":25,"column":2},"end":{"line":27,"column":5}},"10":{"start":{"line":26,"column":4},"end":{"line":26,"column":57}},"11":{"start":{"line":29,"column":2},"end":{"line":31,"column":5}},"12":{"start":{"line":30,"column":4},"end":{"line":30,"column":54}},"13":{"start":{"line":34,"column":2},"end":{"line":38,"column":5}},"14":{"start":{"line":35,"column":4},"end":{"line":35,"column":38}},"15":{"start":{"line":36,"column":4},"end":{"line":36,"column":72}},"16":{"start":{"line":37,"column":4},"end":{"line":37,"column":20}}},"fnMap":{"0":{"name":"mongooseLoader","decl":{"start":{"line":6,"column":32},"end":{"line":6,"column":46}},"loc":{"start":{"line":6,"column":49},"end":{"line":39,"column":1}},"line":6},"1":{"name":"(anonymous_1)","decl":{"start":{"line":11,"column":15},"end":{"line":11,"column":16}},"loc":{"start":{"line":11,"column":38},"end":{"line":13,"column":5}},"line":11},"2":{"name":"(anonymous_2)","decl":{"start":{"line":17,"column":38},"end":{"line":17,"column":39}},"loc":{"start":{"line":17,"column":44},"end":{"line":19,"column":3}},"line":17},"3":{"name":"(anonymous_3)","decl":{"start":{"line":21,"column":34},"end":{"line":21,"column":35}},"loc":{"start":{"line":21,"column":43},"end":{"line":23,"column":3}},"line":21},"4":{"name":"(anonymous_4)","decl":{"start":{"line":25,"column":41},"end":{"line":25,"column":42}},"loc":{"start":{"line":25,"column":47},"end":{"line":27,"column":3}},"line":25},"5":{"name":"(anonymous_5)","decl":{"start":{"line":29,"column":40},"end":{"line":29,"column":41}},"loc":{"start":{"line":29,"column":46},"end":{"line":31,"column":3}},"line":29},"6":{"name":"(anonymous_6)","decl":{"start":{"line":34,"column":23},"end":{"line":34,"column":24}},"loc":{"start":{"line":34,"column":35},"end":{"line":38,"column":3}},"line":34}},"branchMap":{"0":{"loc":{"start":{"line":8,"column":21},"end":{"line":8,"column":60}},"type":"binary-expr","locations":[{"start":{"line":8,"column":21},"end":{"line":8,"column":55}},{"start":{"line":8,"column":59},"end":{"line":8,"column":60}}],"line":8},"1":{"loc":{"start":{"line":9,"column":20},"end":{"line":9,"column":62}},"type":"binary-expr","locations":[{"start":{"line":9,"column":20},"end":{"line":9,"column":54}},{"start":{"line":9,"column":58},"end":{"line":9,"column":62}}],"line":9}},"s":{"0":2,"1":2,"2":2,"3":2,"4":2,"5":0,"6":0,"7":0,"8":0,"9":0,"10":0,"11":0,"12":0,"13":0,"14":0,"15":0,"16":0},"f":{"0":2,"1":0,"2":0,"3":0,"4":0,"5":0,"6":0},"b":{"0":[2,1],"1":[2,1]},"_coverageSchema":"1a1c01bbd47fc00a2c39e90264f33305004495a9","hash":"11af9f592c8a90b2950880118efcaac14877b368"}
,"D:\\KPT-Website\\backend\\middlewares\\auth.middleware.js": {"path":"D:\\KPT-Website\\backend\\middlewares\\auth.middleware.js","statementMap":{"0":{"start":{"line":1,"column":12},"end":{"line":1,"column":35}},"1":{"start":{"line":2,"column":14},"end":{"line":2,"column":40}},"2":{"start":{"line":3,"column":19},"end":{"line":3,"column":38}},"3":{"start":{"line":5,"column":17},"end":{"line":5,"column":87}},"4":{"start":{"line":6,"column":13},"end":{"line":11,"column":2}},"5":{"start":{"line":14,"column":2},"end":{"line":14,"column":88}},"6":{"start":{"line":14,"column":30},"end":{"line":14,"column":88}},"7":{"start":{"line":15,"column":2},"end":{"line":19,"column":5}},"8":{"start":{"line":16,"column":4},"end":{"line":16,"column":34}},"9":{"start":{"line":16,"column":13},"end":{"line":16,"column":34}},"10":{"start":{"line":17,"column":23},"end":{"line":17,"column":41}},"11":{"start":{"line":18,"column":4},"end":{"line":18,"column":31}},"12":{"start":{"line":22,"column":0},"end":{"line":65,"column":2}},"13":{"start":{"line":23,"column":21},"end":{"line":23,"column":75}},"14":{"start":{"line":24,"column":2},"end":{"line":24,"column":92}},"15":{"start":{"line":24,"column":19},"end":{"line":24,"column":92}},"16":{"start":{"line":26,"column":16},"end":{"line":26,"column":37}},"17":{"start":{"line":27,"column":2},"end":{"line":27,"column":124}},"18":{"start":{"line":27,"column":51},"end":{"line":27,"column":124}},"19":{"start":{"line":29,"column":16},"end":{"line":29,"column":24}},"20":{"start":{"line":31,"column":2},"end":{"line":64,"column":3}},"21":{"start":{"line":33,"column":20},"end":{"line":38,"column":6}},"22":{"start":{"line":34,"column":6},"end":{"line":37,"column":9}},"23":{"start":{"line":35,"column":8},"end":{"line":35,"column":36}},"24":{"start":{"line":35,"column":17},"end":{"line":35,"column":36}},"25":{"start":{"line":36,"column":8},"end":{"line":36,"column":25}},"26":{"start":{"line":40,"column":19},"end":{"line":40,"column":41}},"27":{"start":{"line":41,"column":4},"end":{"line":41,"column":89}},"28":{"start":{"line":41,"column":17},"end":{"line":41,"column":89}},"29":{"start":{"line":43,"column":17},"end":{"line":43,"column":48}},"30":{"start":{"line":45,"column":21},"end":{"line":45,"column":79}},"31":{"start":{"line":46,"column":22},"end":{"line":46,"column":84}},"32":{"start":{"line":46,"column":29},"end":{"line":46,"column":84}},"33":{"start":{"line":47,"column":18},"end":{"line":47,"column":91}},"34":{"start":{"line":49,"column":4},"end":{"line":58,"column":6}},"35":{"start":{"line":60,"column":4},"end":{"line":60,"column":18}},"36":{"start":{"line":62,"column":4},"end":{"line":62,"column":86}},"37":{"start":{"line":63,"column":4},"end":{"line":63,"column":73}}},"fnMap":{"0":{"name":"getKey","decl":{"start":{"line":13,"column":9},"end":{"line":13,"column":15}},"loc":{"start":{"line":13,"column":34},"end":{"line":20,"column":1}},"line":13},"1":{"name":"(anonymous_1)","decl":{"start":{"line":15,"column":33},"end":{"line":15,"column":34}},"loc":{"start":{"line":15,"column":53},"end":{"line":19,"column":3}},"line":15},"2":{"name":"authMiddleware","decl":{"start":{"line":22,"column":32},"end":{"line":22,"column":46}},"loc":{"start":{"line":22,"column":63},"end":{"line":65,"column":1}},"line":22},"3":{"name":"(anonymous_3)","decl":{"start":{"line":33,"column":38},"end":{"line":33,"column":39}},"loc":{"start":{"line":33,"column":59},"end":{"line":38,"column":5}},"line":33},"4":{"name":"(anonymous_4)","decl":{"start":{"line":34,"column":36},"end":{"line":34,"column":37}},"loc":{"start":{"line":34,"column":54},"end":{"line":37,"column":7}},"line":34},"5":{"name":"(anonymous_5)","decl":{"start":{"line":46,"column":22},"end":{"line":46,"column":23}},"loc":{"start":{"line":46,"column":29},"end":{"line":46,"column":84}},"line":46}},"branchMap":{"0":{"loc":{"start":{"line":5,"column":17},"end":{"line":5,"column":87}},"type":"binary-expr","locations":[{"start":{"line":5,"column":17},"end":{"line":5,"column":43}},{"start":{"line":5,"column":47},"end":{"line":5,"column":87}}],"line":5},"1":{"loc":{"start":{"line":14,"column":2},"end":{"line":14,"column":88}},"type":"if","locations":[{"start":{"line":14,"column":2},"end":{"line":14,"column":88}},{"start":{},"end":{}}],"line":14},"2":{"loc":{"start":{"line":14,"column":6},"end":{"line":14,"column":28}},"type":"binary-expr","locations":[{"start":{"line":14,"column":6},"end":{"line":14,"column":13}},{"start":{"line":14,"column":17},"end":{"line":14,"column":28}}],"line":14},"3":{"loc":{"start":{"line":16,"column":4},"end":{"line":16,"column":34}},"type":"if","locations":[{"start":{"line":16,"column":4},"end":{"line":16,"column":34}},{"start":{},"end":{}}],"line":16},"4":{"loc":{"start":{"line":23,"column":21},"end":{"line":23,"column":75}},"type":"binary-expr","locations":[{"start":{"line":23,"column":21},"end":{"line":23,"column":46}},{"start":{"line":23,"column":50},"end":{"line":23,"column":75}}],"line":23},"5":{"loc":{"start":{"line":24,"column":2},"end":{"line":24,"column":92}},"type":"if","locations":[{"start":{"line":24,"column":2},"end":{"line":24,"column":92}},{"start":{},"end":{}}],"line":24},"6":{"loc":{"start":{"line":27,"column":2},"end":{"line":27,"column":124}},"type":"if","locations":[{"start":{"line":27,"column":2},"end":{"line":27,"column":124}},{"start":{},"end":{}}],"line":27},"7":{"loc":{"start":{"line":27,"column":6},"end":{"line":27,"column":49}},"type":"binary-expr","locations":[{"start":{"line":27,"column":6},"end":{"line":27,"column":24}},{"start":{"line":27,"column":28},"end":{"line":27,"column":49}}],"line":27},"8":{"loc":{"start":{"line":35,"column":8},"end":{"line":35,"column":36}},"type":"if","locations":[{"start":{"line":35,"column":8},"end":{"line":35,"column":36}},{"start":{},"end":{}}],"line":35},"9":{"loc":{"start":{"line":40,"column":19},"end":{"line":40,"column":41}},"type":"binary-expr","locations":[{"start":{"line":40,"column":19},"end":{"line":40,"column":26}},{"start":{"line":40,"column":30},"end":{"line":40,"column":41}}],"line":40},"10":{"loc":{"start":{"line":41,"column":4},"end":{"line":41,"column":89}},"type":"if","locations":[{"start":{"line":41,"column":4},"end":{"line":41,"column":89}},{"start":{},"end":{}}],"line":41},"11":{"loc":{"start":{"line":45,"column":21},"end":{"line":45,"column":79}},"type":"binary-expr","locations":[{"start":{"line":45,"column":22},"end":{"line":45,"column":42}},{"start":{"line":45,"column":46},"end":{"line":45,"column":72}},{"start":{"line":45,"column":77},"end":{"line":45,"column":79}}],"line":45},"12":{"loc":{"start":{"line":46,"column":36},"end":{"line":46,"column":43}},"type":"binary-expr","locations":[{"start":{"line":46,"column":36},"end":{"line":46,"column":37}},{"start":{"line":46,"column":41},"end":{"line":46,"column":43}}],"line":46},"13":{"loc":{"start":{"line":47,"column":18},"end":{"line":47,"column":91}},"type":"cond-expr","locations":[{"start":{"line":47,"column":44},"end":{"line":47,"column":67}},{"start":{"line":47,"column":70},"end":{"line":47,"column":91}}],"line":47},"14":{"loc":{"start":{"line":51,"column":13},"end":{"line":51,"column":111}},"type":"binary-expr","locations":[{"start":{"line":51,"column":14},"end":{"line":51,"column":34}},{"start":{"line":51,"column":38},"end":{"line":51,"column":61}},{"start":{"line":51,"column":65},"end":{"line":51,"column":102}},{"start":{"line":51,"column":107},"end":{"line":51,"column":111}}],"line":51},"15":{"loc":{"start":{"line":52,"column":17},"end":{"line":52,"column":40}},"type":"binary-expr","locations":[{"start":{"line":52,"column":17},"end":{"line":52,"column":32}},{"start":{"line":52,"column":36},"end":{"line":52,"column":40}}],"line":52},"16":{"loc":{"start":{"line":53,"column":16},"end":{"line":53,"column":38}},"type":"binary-expr","locations":[{"start":{"line":53,"column":16},"end":{"line":53,"column":30}},{"start":{"line":53,"column":34},"end":{"line":53,"column":38}}],"line":53},"17":{"loc":{"start":{"line":62,"column":46},"end":{"line":62,"column":84}},"type":"cond-expr","locations":[{"start":{"line":62,"column":67},"end":{"line":62,"column":78}},{"start":{"line":62,"column":81},"end":{"line":62,"column":84}}],"line":62},"18":{"loc":{"start":{"line":62,"column":46},"end":{"line":62,"column":64}},"type":"binary-expr","locations":[{"start":{"line":62,"column":46},"end":{"line":62,"column":49}},{"start":{"line":62,"column":53},"end":{"line":62,"column":64}}],"line":62}},"s":{"0":7,"1":7,"2":7,"3":7,"4":7,"5":0,"6":0,"7":0,"8":0,"9":0,"10":0,"11":0,"12":7,"13":28,"14":28,"15":6,"16":22,"17":22,"18":0,"19":22,"20":22,"21":22,"22":22,"23":22,"24":0,"25":22,"26":22,"27":22,"28":0,"29":22,"30":22,"31":22,"32":22,"33":22,"34":22,"35":22,"36":0,"37":0},"f":{"0":0,"1":0,"2":28,"3":22,"4":22,"5":22},"b":{"0":[7,7],"1":[0,0],"2":[0,0],"3":[0,0],"4":[28,6],"5":[6,22],"6":[0,22],"7":[22,22],"8":[0,22],"9":[22,22],"10":[0,22],"11":[22,22,0],"12":[22,0],"13":[22,0],"14":[22,22,22,0],"15":[22,13],"16":[22,13],"17":[0,0],"18":[0,0]},"_coverageSchema":"1a1c01bbd47fc00a2c39e90264f33305004495a9","hash":"9d58a50d72add27eeacfad28c976454742a6613d"}
,"D:\\KPT-Website\\backend\\middlewares\\error.middleware.js": {"path":"D:\\KPT-Website\\backend\\middlewares\\error.middleware.js","statementMap":{"0":{"start":{"line":1,"column":0},"end":{"line":17,"column":2}},"1":{"start":{"line":3,"column":2},"end":{"line":3,"column":40}},"2":{"start":{"line":3,"column":23},"end":{"line":3,"column":40}},"3":{"start":{"line":6,"column":17},"end":{"line":6,"column":53}},"4":{"start":{"line":7,"column":18},"end":{"line":7,"column":76}},"5":{"start":{"line":10,"column":2},"end":{"line":14,"column":3}},"6":{"start":{"line":11,"column":4},"end":{"line":11,"column":65}},"7":{"start":{"line":13,"column":4},"end":{"line":13,"column":43}},"8":{"start":{"line":16,"column":2},"end":{"line":16,"column":39}}},"fnMap":{"0":{"name":"errorHandler","decl":{"start":{"line":1,"column":26},"end":{"line":1,"column":38}},"loc":{"start":{"line":1,"column":60},"end":{"line":17,"column":1}},"line":1}},"branchMap":{"0":{"loc":{"start":{"line":3,"column":2},"end":{"line":3,"column":40}},"type":"if","locations":[{"start":{"line":3,"column":2},"end":{"line":3,"column":40}},{"start":{},"end":{}}],"line":3},"1":{"loc":{"start":{"line":6,"column":17},"end":{"line":6,"column":53}},"type":"cond-expr","locations":[{"start":{"line":6,"column":37},"end":{"line":6,"column":47}},{"start":{"line":6,"column":50},"end":{"line":6,"column":53}}],"line":6},"2":{"loc":{"start":{"line":6,"column":17},"end":{"line":6,"column":34}},"type":"binary-expr","locations":[{"start":{"line":6,"column":17},"end":{"line":6,"column":20}},{"start":{"line":6,"column":24},"end":{"line":6,"column":34}}],"line":6},"3":{"loc":{"start":{"line":7,"column":18},"end":{"line":7,"column":76}},"type":"cond-expr","locations":[{"start":{"line":7,"column":39},"end":{"line":7,"column":50}},{"start":{"line":7,"column":53},"end":{"line":7,"column":76}}],"line":7},"4":{"loc":{"start":{"line":7,"column":18},"end":{"line":7,"column":36}},"type":"binary-expr","locations":[{"start":{"line":7,"column":18},"end":{"line":7,"column":21}},{"start":{"line":7,"column":25},"end":{"line":7,"column":36}}],"line":7},"5":{"loc":{"start":{"line":10,"column":2},"end":{"line":14,"column":3}},"type":"if","locations":[{"start":{"line":10,"column":2},"end":{"line":14,"column":3}},{"start":{"line":12,"column":9},"end":{"line":14,"column":3}}],"line":10},"6":{"loc":{"start":{"line":11,"column":38},"end":{"line":11,"column":63}},"type":"binary-expr","locations":[{"start":{"line":11,"column":38},"end":{"line":11,"column":41}},{"start":{"line":11,"column":46},"end":{"line":11,"column":55}},{"start":{"line":11,"column":59},"end":{"line":11,"column":62}}],"line":11}},"s":{"0":7,"1":6,"2":0,"3":6,"4":6,"5":6,"6":6,"7":0,"8":6},"f":{"0":6},"b":{"0":[0,6],"1":[0,6],"2":[6,6],"3":[6,0],"4":[6,6],"5":[6,0],"6":[6,6,0]},"_coverageSchema":"1a1c01bbd47fc00a2c39e90264f33305004495a9","hash":"f729d792c5b0bb73ed57c7626dff2c3328451da1"}
,"D:\\KPT-Website\\backend\\middlewares\\role.middleware.js": {"path":"D:\\KPT-Website\\backend\\middlewares\\role.middleware.js","statementMap":{"0":{"start":{"line":1,"column":0},"end":{"line":16,"column":2}},"1":{"start":{"line":2,"column":2},"end":{"line":2,"column":75}},"2":{"start":{"line":2,"column":21},"end":{"line":2,"column":75}},"3":{"start":{"line":3,"column":21},"end":{"line":3,"column":55}},"4":{"start":{"line":5,"column":2},"end":{"line":15,"column":4}},"5":{"start":{"line":7,"column":4},"end":{"line":7,"column":76}},"6":{"start":{"line":7,"column":19},"end":{"line":7,"column":76}},"7":{"start":{"line":9,"column":21},"end":{"line":9,"column":41}},"8":{"start":{"line":10,"column":18},"end":{"line":10,"column":121}},"9":{"start":{"line":10,"column":62},"end":{"line":10,"column":85}},"10":{"start":{"line":12,"column":4},"end":{"line":12,"column":91}},"11":{"start":{"line":12,"column":37},"end":{"line":12,"column":91}},"12":{"start":{"line":14,"column":4},"end":{"line":14,"column":18}}},"fnMap":{"0":{"name":"requireRole","decl":{"start":{"line":1,"column":26},"end":{"line":1,"column":37}},"loc":{"start":{"line":1,"column":52},"end":{"line":16,"column":1}},"line":1},"1":{"name":"(anonymous_1)","decl":{"start":{"line":5,"column":9},"end":{"line":5,"column":10}},"loc":{"start":{"line":5,"column":35},"end":{"line":15,"column":3}},"line":5},"2":{"name":"(anonymous_2)","decl":{"start":{"line":10,"column":57},"end":{"line":10,"column":58}},"loc":{"start":{"line":10,"column":62},"end":{"line":10,"column":85}},"line":10}},"branchMap":{"0":{"loc":{"start":{"line":2,"column":2},"end":{"line":2,"column":75}},"type":"if","locations":[{"start":{"line":2,"column":2},"end":{"line":2,"column":75}},{"start":{},"end":{}}],"line":2},"1":{"loc":{"start":{"line":7,"column":4},"end":{"line":7,"column":76}},"type":"if","locations":[{"start":{"line":7,"column":4},"end":{"line":7,"column":76}},{"start":{},"end":{}}],"line":7},"2":{"loc":{"start":{"line":9,"column":21},"end":{"line":9,"column":41}},"type":"binary-expr","locations":[{"start":{"line":9,"column":21},"end":{"line":9,"column":35}},{"start":{"line":9,"column":39},"end":{"line":9,"column":41}}],"line":9},"3":{"loc":{"start":{"line":10,"column":18},"end":{"line":10,"column":121}},"type":"cond-expr","locations":[{"start":{"line":10,"column":44},"end":{"line":10,"column":86}},{"start":{"line":10,"column":89},"end":{"line":10,"column":121}}],"line":10},"4":{"loc":{"start":{"line":12,"column":4},"end":{"line":12,"column":91}},"type":"if","locations":[{"start":{"line":12,"column":4},"end":{"line":12,"column":91}},{"start":{},"end":{}}],"line":12}},"s":{"0":7,"1":168,"2":0,"3":168,"4":168,"5":21,"6":0,"7":21,"8":21,"9":21,"10":21,"11":6,"12":15},"f":{"0":168,"1":21,"2":21},"b":{"0":[0,168],"1":[0,21],"2":[21,0],"3":[21,0],"4":[6,15]},"_coverageSchema":"1a1c01bbd47fc00a2c39e90264f33305004495a9","hash":"d9e747fe0a233a21a89af92ad40debc0ed55338f"}
,"D:\\KPT-Website\\backend\\modules\\activity-log\\activity.controller.js": {"path":"D:\\KPT-Website\\backend\\modules\\activity-log\\activity.controller.js","statementMap":{"0":{"start":{"line":1,"column":27},"end":{"line":1,"column":56}},"1":{"start":{"line":2,"column":23},"end":{"line":2,"column":55}},"2":{"start":{"line":5,"column":27},"end":{"line":5,"column":57}},"3":{"start":{"line":6,"column":2},"end":{"line":6,"column":69}},"4":{"start":{"line":6,"column":13},"end":{"line":6,"column":69}},"5":{"start":{"line":8,"column":17},"end":{"line":8,"column":19}},"6":{"start":{"line":9,"column":2},"end":{"line":9,"column":67}},"7":{"start":{"line":9,"column":26},"end":{"line":9,"column":67}},"8":{"start":{"line":10,"column":2},"end":{"line":10,"column":61}},"9":{"start":{"line":10,"column":24},"end":{"line":10,"column":61}},"10":{"start":{"line":11,"column":2},"end":{"line":11,"column":52}},"11":{"start":{"line":11,"column":21},"end":{"line":11,"column":52}},"12":{"start":{"line":13,"column":21},"end":{"line":13,"column":80}},"13":{"start":{"line":14,"column":2},"end":{"line":14,"column":23}},"14":{"start":{"line":17,"column":0},"end":{"line":17,"column":26}}},"fnMap":{"0":{"name":"list","decl":{"start":{"line":4,"column":15},"end":{"line":4,"column":19}},"loc":{"start":{"line":4,"column":30},"end":{"line":15,"column":1}},"line":4}},"branchMap":{"0":{"loc":{"start":{"line":6,"column":2},"end":{"line":6,"column":69}},"type":"if","locations":[{"start":{"line":6,"column":2},"end":{"line":6,"column":69}},{"start":{},"end":{}}],"line":6},"1":{"loc":{"start":{"line":9,"column":2},"end":{"line":9,"column":67}},"type":"if","locations":[{"start":{"line":9,"column":2},"end":{"line":9,"column":67}},{"start":{},"end":{}}],"line":9},"2":{"loc":{"start":{"line":10,"column":2},"end":{"line":10,"column":61}},"type":"if","locations":[{"start":{"line":10,"column":2},"end":{"line":10,"column":61}},{"start":{},"end":{}}],"line":10},"3":{"loc":{"start":{"line":11,"column":2},"end":{"line":11,"column":52}},"type":"if","locations":[{"start":{"line":11,"column":2},"end":{"line":11,"column":52}},{"start":{},"end":{}}],"line":11},"4":{"loc":{"start":{"line":13,"column":59},"end":{"line":13,"column":77}},"type":"binary-expr","locations":[{"start":{"line":13,"column":59},"end":{"line":13,"column":70}},{"start":{"line":13,"column":74},"end":{"line":13,"column":77}}],"line":13}},"s":{"0":7,"1":7,"2":0,"3":0,"4":0,"5":0,"6":0,"7":0,"8":0,"9":0,"10":0,"11":0,"12":0,"13":0,"14":7},"f":{"0":0},"b":{"0":[0,0],"1":[0,0],"2":[0,0],"3":[0,0],"4":[0,0]},"_coverageSchema":"1a1c01bbd47fc00a2c39e90264f33305004495a9","hash":"fe97d5f1b50a477f7880d463c96d3551057fd518"}
,"D:\\KPT-Website\\backend\\modules\\activity-log\\activity.model.js": {"path":"D:\\KPT-Website\\backend\\modules\\activity-log\\activity.model.js","statementMap":{"0":{"start":{"line":1,"column":17},"end":{"line":1,"column":36}},"1":{"start":{"line":2,"column":19},"end":{"line":2,"column":27}},"2":{"start":{"line":4,"column":23},"end":{"line":13,"column":24}},"3":{"start":{"line":15,"column":0},"end":{"line":15,"column":60}}},"fnMap":{},"branchMap":{},"s":{"0":7,"1":7,"2":7,"3":7},"f":{},"b":{},"_coverageSchema":"1a1c01bbd47fc00a2c39e90264f33305004495a9","hash":"fb8dcad95a490d8ea84dd18a73608b58f770509a"}
,"D:\\KPT-Website\\backend\\modules\\activity-log\\activity.routes.js": {"path":"D:\\KPT-Website\\backend\\modules\\activity-log\\activity.routes.js","statementMap":{"0":{"start":{"line":1,"column":16},"end":{"line":1,"column":34}},"1":{"start":{"line":2,"column":15},"end":{"line":2,"column":31}},"2":{"start":{"line":3,"column":13},"end":{"line":3,"column":57}},"3":{"start":{"line":4,"column":20},"end":{"line":4,"column":64}},"4":{"start":{"line":5,"column":19},"end":{"line":5,"column":51}},"5":{"start":{"line":8,"column":0},"end":{"line":8,"column":61}},"6":{"start":{"line":10,"column":0},"end":{"line":10,"column":24}}},"fnMap":{},"branchMap":{},"s":{"0":7,"1":7,"2":7,"3":7,"4":7,"5":7,"6":7},"f":{},"b":{},"_coverageSchema":"1a1c01bbd47fc00a2c39e90264f33305004495a9","hash":"9c0f4d2db4ec7f329397f04b5d29769a20d82867"}
,"D:\\KPT-Website\\backend\\modules\\activity-log\\activity.service.js": {"path":"D:\\KPT-Website\\backend\\modules\\activity-log\\activity.service.js","statementMap":{"0":{"start":{"line":1,"column":17},"end":{"line":1,"column":44}},"1":{"start":{"line":4,"column":12},"end":{"line":4,"column":31}},"2":{"start":{"line":5,"column":2},"end":{"line":5,"column":18}},"3":{"start":{"line":9,"column":12},"end":{"line":9,"column":57}},"4":{"start":{"line":10,"column":2},"end":{"line":10,"column":58}},"5":{"start":{"line":10,"column":21},"end":{"line":10,"column":58}},"6":{"start":{"line":11,"column":2},"end":{"line":11,"column":55}},"7":{"start":{"line":11,"column":20},"end":{"line":11,"column":55}},"8":{"start":{"line":12,"column":2},"end":{"line":12,"column":18}},"9":{"start":{"line":15,"column":0},"end":{"line":15,"column":52}}},"fnMap":{"0":{"name":"createActivity","decl":{"start":{"line":3,"column":15},"end":{"line":3,"column":29}},"loc":{"start":{"line":3,"column":37},"end":{"line":6,"column":1}},"line":3},"1":{"name":"listActivities","decl":{"start":{"line":8,"column":15},"end":{"line":8,"column":29}},"loc":{"start":{"line":8,"column":57},"end":{"line":13,"column":1}},"line":8}},"branchMap":{"0":{"loc":{"start":{"line":8,"column":30},"end":{"line":8,"column":41}},"type":"default-arg","locations":[{"start":{"line":8,"column":39},"end":{"line":8,"column":41}}],"line":8},"1":{"loc":{"start":{"line":8,"column":43},"end":{"line":8,"column":55}},"type":"default-arg","locations":[{"start":{"line":8,"column":53},"end":{"line":8,"column":55}}],"line":8},"2":{"loc":{"start":{"line":10,"column":2},"end":{"line":10,"column":58}},"type":"if","locations":[{"start":{"line":10,"column":2},"end":{"line":10,"column":58}},{"start":{},"end":{}}],"line":10},"3":{"loc":{"start":{"line":11,"column":2},"end":{"line":11,"column":55}},"type":"if","locations":[{"start":{"line":11,"column":2},"end":{"line":11,"column":55}},{"start":{},"end":{}}],"line":11}},"s":{"0":7,"1":0,"2":0,"3":0,"4":0,"5":0,"6":0,"7":0,"8":0,"9":7},"f":{"0":0,"1":0},"b":{"0":[0],"1":[0],"2":[0,0],"3":[0,0]},"_coverageSchema":"1a1c01bbd47fc00a2c39e90264f33305004495a9","hash":"52782f889ba0155ba6868511b13e6743def2ac47"}
,"D:\\KPT-Website\\backend\\modules\\activity-log\\activity.validation.js": {"path":"D:\\KPT-Website\\backend\\modules\\activity-log\\activity.validation.js","statementMap":{"0":{"start":{"line":1,"column":12},"end":{"line":1,"column":26}},"1":{"start":{"line":4,"column":19},"end":{"line":9,"column":2}},"2":{"start":{"line":11,"column":0},"end":{"line":11,"column":32}}},"fnMap":{},"branchMap":{},"s":{"0":7,"1":7,"2":7},"f":{},"b":{},"_coverageSchema":"1a1c01bbd47fc00a2c39e90264f33305004495a9","hash":"8963f4bfcab3b7dd14f5c1ad1392051c124dfc45"}
,"D:\\KPT-Website\\backend\\modules\\auth\\auth.controller.js": {"path":"D:\\KPT-Website\\backend\\modules\\auth\\auth.controller.js","statementMap":{"0":{"start":{"line":11,"column":4},"end":{"line":11,"column":29}},"1":{"start":{"line":20,"column":4},"end":{"line":20,"column":32}},"2":{"start":{"line":23,"column":20},"end":{"line":23,"column":83}},"3":{"start":{"line":24,"column":17},"end":{"line":24,"column":49}},"4":{"start":{"line":26,"column":2},"end":{"line":38,"column":3}},"5":{"start":{"line":27,"column":20},"end":{"line":27,"column":77}},"6":{"start":{"line":28,"column":4},"end":{"line":28,"column":80}},"7":{"start":{"line":28,"column":18},"end":{"line":28,"column":80}},"8":{"start":{"line":30,"column":29},"end":{"line":30,"column":61}},"9":{"start":{"line":31,"column":4},"end":{"line":31,"column":71}},"10":{"start":{"line":31,"column":15},"end":{"line":31,"column":71}},"11":{"start":{"line":33,"column":4},"end":{"line":33,"column":49}},"12":{"start":{"line":34,"column":4},"end":{"line":34,"column":33}},"13":{"start":{"line":36,"column":4},"end":{"line":36,"column":41}},"14":{"start":{"line":37,"column":4},"end":{"line":37,"column":67}},"15":{"start":{"line":42,"column":27},"end":{"line":42,"column":57}},"16":{"start":{"line":43,"column":2},"end":{"line":43,"column":69}},"17":{"start":{"line":43,"column":13},"end":{"line":43,"column":69}},"18":{"start":{"line":45,"column":19},"end":{"line":45,"column":44}},"19":{"start":{"line":46,"column":2},"end":{"line":46,"column":21}},"20":{"start":{"line":50,"column":2},"end":{"line":59,"column":3}},"21":{"start":{"line":51,"column":29},"end":{"line":51,"column":62}},"22":{"start":{"line":52,"column":4},"end":{"line":52,"column":71}},"23":{"start":{"line":52,"column":15},"end":{"line":52,"column":71}},"24":{"start":{"line":54,"column":19},"end":{"line":54,"column":40}},"25":{"start":{"line":55,"column":4},"end":{"line":55,"column":33}},"26":{"start":{"line":57,"column":4},"end":{"line":57,"column":42}},"27":{"start":{"line":58,"column":4},"end":{"line":58,"column":51}},"28":{"start":{"line":63,"column":2},"end":{"line":72,"column":3}},"29":{"start":{"line":64,"column":29},"end":{"line":64,"column":59}},"30":{"start":{"line":65,"column":4},"end":{"line":65,"column":71}},"31":{"start":{"line":65,"column":15},"end":{"line":65,"column":71}},"32":{"start":{"line":67,"column":19},"end":{"line":67,"column":37}},"33":{"start":{"line":68,"column":4},"end":{"line":68,"column":21}},"34":{"start":{"line":70,"column":4},"end":{"line":70,"column":39}},"35":{"start":{"line":71,"column":4},"end":{"line":71,"column":51}},"36":{"start":{"line":76,"column":2},"end":{"line":85,"column":3}},"37":{"start":{"line":77,"column":29},"end":{"line":77,"column":66}},"38":{"start":{"line":78,"column":4},"end":{"line":78,"column":71}},"39":{"start":{"line":78,"column":15},"end":{"line":78,"column":71}},"40":{"start":{"line":80,"column":19},"end":{"line":80,"column":57}},"41":{"start":{"line":81,"column":4},"end":{"line":81,"column":21}},"42":{"start":{"line":83,"column":4},"end":{"line":83,"column":47}},"43":{"start":{"line":84,"column":4},"end":{"line":84,"column":51}},"44":{"start":{"line":89,"column":2},"end":{"line":95,"column":3}},"45":{"start":{"line":90,"column":19},"end":{"line":90,"column":33}},"46":{"start":{"line":91,"column":4},"end":{"line":91,"column":21}},"47":{"start":{"line":93,"column":4},"end":{"line":93,"column":40}},"48":{"start":{"line":94,"column":4},"end":{"line":94,"column":55}},"49":{"start":{"line":99,"column":2},"end":{"line":108,"column":3}},"50":{"start":{"line":100,"column":29},"end":{"line":100,"column":68}},"51":{"start":{"line":101,"column":4},"end":{"line":101,"column":71}},"52":{"start":{"line":101,"column":15},"end":{"line":101,"column":71}},"53":{"start":{"line":103,"column":19},"end":{"line":103,"column":52}},"54":{"start":{"line":104,"column":4},"end":{"line":104,"column":21}},"55":{"start":{"line":106,"column":4},"end":{"line":106,"column":49}},"56":{"start":{"line":107,"column":4},"end":{"line":107,"column":67}},"57":{"start":{"line":112,"column":2},"end":{"line":121,"column":3}},"58":{"start":{"line":113,"column":29},"end":{"line":113,"column":67}},"59":{"start":{"line":114,"column":4},"end":{"line":114,"column":71}},"60":{"start":{"line":114,"column":15},"end":{"line":114,"column":71}},"61":{"start":{"line":116,"column":19},"end":{"line":116,"column":67}},"62":{"start":{"line":117,"column":4},"end":{"line":117,"column":21}},"63":{"start":{"line":119,"column":4},"end":{"line":119,"column":48}},"64":{"start":{"line":120,"column":4},"end":{"line":120,"column":51}},"65":{"start":{"line":124,"column":0},"end":{"line":133,"column":2}}},"fnMap":{"0":{"name":"webhook","decl":{"start":{"line":22,"column":15},"end":{"line":22,"column":22}},"loc":{"start":{"line":22,"column":33},"end":{"line":39,"column":1}},"line":22},"1":{"name":"list","decl":{"start":{"line":41,"column":15},"end":{"line":41,"column":19}},"loc":{"start":{"line":41,"column":30},"end":{"line":47,"column":1}},"line":41},"2":{"name":"registerUser","decl":{"start":{"line":49,"column":15},"end":{"line":49,"column":27}},"loc":{"start":{"line":49,"column":38},"end":{"line":60,"column":1}},"line":49},"3":{"name":"loginUser","decl":{"start":{"line":62,"column":15},"end":{"line":62,"column":24}},"loc":{"start":{"line":62,"column":35},"end":{"line":73,"column":1}},"line":62},"4":{"name":"refreshUserToken","decl":{"start":{"line":75,"column":15},"end":{"line":75,"column":31}},"loc":{"start":{"line":75,"column":42},"end":{"line":86,"column":1}},"line":75},"5":{"name":"logoutUser","decl":{"start":{"line":88,"column":15},"end":{"line":88,"column":25}},"loc":{"start":{"line":88,"column":36},"end":{"line":96,"column":1}},"line":88},"6":{"name":"forgotUserPassword","decl":{"start":{"line":98,"column":15},"end":{"line":98,"column":33}},"loc":{"start":{"line":98,"column":44},"end":{"line":109,"column":1}},"line":98},"7":{"name":"resetUserPassword","decl":{"start":{"line":111,"column":15},"end":{"line":111,"column":32}},"loc":{"start":{"line":111,"column":43},"end":{"line":122,"column":1}},"line":111}},"branchMap":{"0":{"loc":{"start":{"line":23,"column":20},"end":{"line":23,"column":83}},"type":"binary-expr","locations":[{"start":{"line":23,"column":20},"end":{"line":23,"column":50}},{"start":{"line":23,"column":54},"end":{"line":23,"column":83}}],"line":23},"1":{"loc":{"start":{"line":28,"column":4},"end":{"line":28,"column":80}},"type":"if","locations":[{"start":{"line":28,"column":4},"end":{"line":28,"column":80}},{"start":{},"end":{}}],"line":28},"2":{"loc":{"start":{"line":31,"column":4},"end":{"line":31,"column":71}},"type":"if","locations":[{"start":{"line":31,"column":4},"end":{"line":31,"column":71}},{"start":{},"end":{}}],"line":31},"3":{"loc":{"start":{"line":43,"column":2},"end":{"line":43,"column":69}},"type":"if","locations":[{"start":{"line":43,"column":2},"end":{"line":43,"column":69}},{"start":{},"end":{}}],"line":43},"4":{"loc":{"start":{"line":52,"column":4},"end":{"line":52,"column":71}},"type":"if","locations":[{"start":{"line":52,"column":4},"end":{"line":52,"column":71}},{"start":{},"end":{}}],"line":52},"5":{"loc":{"start":{"line":65,"column":4},"end":{"line":65,"column":71}},"type":"if","locations":[{"start":{"line":65,"column":4},"end":{"line":65,"column":71}},{"start":{},"end":{}}],"line":65},"6":{"loc":{"start":{"line":78,"column":4},"end":{"line":78,"column":71}},"type":"if","locations":[{"start":{"line":78,"column":4},"end":{"line":78,"column":71}},{"start":{},"end":{}}],"line":78},"7":{"loc":{"start":{"line":101,"column":4},"end":{"line":101,"column":71}},"type":"if","locations":[{"start":{"line":101,"column":4},"end":{"line":101,"column":71}},{"start":{},"end":{}}],"line":101},"8":{"loc":{"start":{"line":114,"column":4},"end":{"line":114,"column":71}},"type":"if","locations":[{"start":{"line":114,"column":4},"end":{"line":114,"column":71}},{"start":{},"end":{}}],"line":114}},"s":{"0":7,"1":7,"2":0,"3":0,"4":0,"5":0,"6":0,"7":0,"8":0,"9":0,"10":0,"11":0,"12":0,"13":0,"14":0,"15":0,"16":0,"17":0,"18":0,"19":0,"20":0,"21":0,"22":0,"23":0,"24":0,"25":0,"26":0,"27":0,"28":0,"29":0,"30":0,"31":0,"32":0,"33":0,"34":0,"35":0,"36":0,"37":0,"38":0,"39":0,"40":0,"41":0,"42":0,"43":0,"44":0,"45":0,"46":0,"47":0,"48":0,"49":0,"50":0,"51":0,"52":0,"53":0,"54":0,"55":0,"56":0,"57":0,"58":0,"59":0,"60":0,"61":0,"62":0,"63":0,"64":0,"65":7},"f":{"0":0,"1":0,"2":0,"3":0,"4":0,"5":0,"6":0,"7":0},"b":{"0":[0,0],"1":[0,0],"2":[0,0],"3":[0,0],"4":[0,0],"5":[0,0],"6":[0,0],"7":[0,0],"8":[0,0]},"_coverageSchema":"1a1c01bbd47fc00a2c39e90264f33305004495a9","hash":"a903df30e8062f8904573ca480a92a9cf1f85a89"}
,"D:\\KPT-Website\\backend\\modules\\auth\\auth.model.js": {"path":"D:\\KPT-Website\\backend\\modules\\auth\\auth.model.js","statementMap":{"0":{"start":{"line":1,"column":17},"end":{"line":1,"column":36}},"1":{"start":{"line":2,"column":19},"end":{"line":2,"column":27}},"2":{"start":{"line":4,"column":27},"end":{"line":8,"column":24}},"3":{"start":{"line":10,"column":0},"end":{"line":10,"column":68}}},"fnMap":{},"branchMap":{},"s":{"0":7,"1":7,"2":7,"3":7},"f":{},"b":{},"_coverageSchema":"1a1c01bbd47fc00a2c39e90264f33305004495a9","hash":"d338e2f3e298a14b847966c41fb7bb687b005279"}
,"D:\\KPT-Website\\backend\\modules\\auth\\auth.routes.js": {"path":"D:\\KPT-Website\\backend\\modules\\auth\\auth.routes.js","statementMap":{"0":{"start":{"line":1,"column":16},"end":{"line":1,"column":34}},"1":{"start":{"line":2,"column":15},"end":{"line":2,"column":31}},"2":{"start":{"line":3,"column":13},"end":{"line":3,"column":57}},"3":{"start":{"line":4,"column":19},"end":{"line":4,"column":47}},"4":{"start":{"line":7,"column":0},"end":{"line":7,"column":44}},"5":{"start":{"line":8,"column":0},"end":{"line":8,"column":47}},"6":{"start":{"line":11,"column":0},"end":{"line":11,"column":50}},"7":{"start":{"line":12,"column":0},"end":{"line":12,"column":44}},"8":{"start":{"line":13,"column":0},"end":{"line":13,"column":53}},"9":{"start":{"line":14,"column":0},"end":{"line":14,"column":52}},"10":{"start":{"line":15,"column":0},"end":{"line":15,"column":63}},"11":{"start":{"line":16,"column":0},"end":{"line":16,"column":61}},"12":{"start":{"line":18,"column":0},"end":{"line":18,"column":24}}},"fnMap":{},"branchMap":{},"s":{"0":7,"1":7,"2":7,"3":7,"4":7,"5":7,"6":7,"7":7,"8":7,"9":7,"10":7,"11":7,"12":7},"f":{},"b":{},"_coverageSchema":"1a1c01bbd47fc00a2c39e90264f33305004495a9","hash":"16a7aac3a11f8a72a0500c1089a09bd258c06588"}
,"D:\\KPT-Website\\backend\\modules\\auth\\auth.service.js": {"path":"D:\\KPT-Website\\backend\\modules\\auth\\auth.service.js","statementMap":{"0":{"start":{"line":1,"column":21},"end":{"line":1,"column":44}},"1":{"start":{"line":2,"column":15},"end":{"line":2,"column":32}},"2":{"start":{"line":3,"column":12},"end":{"line":3,"column":35}},"3":{"start":{"line":4,"column":15},"end":{"line":4,"column":32}},"4":{"start":{"line":5,"column":13},"end":{"line":5,"column":43}},"5":{"start":{"line":7,"column":19},"end":{"line":7,"column":41}},"6":{"start":{"line":8,"column":27},"end":{"line":8,"column":83}},"7":{"start":{"line":11,"column":2},"end":{"line":11,"column":64}},"8":{"start":{"line":11,"column":15},"end":{"line":11,"column":64}},"9":{"start":{"line":12,"column":28},"end":{"line":12,"column":114}},"10":{"start":{"line":13,"column":2},"end":{"line":13,"column":53}},"11":{"start":{"line":18,"column":18},"end":{"line":18,"column":55}},"12":{"start":{"line":19,"column":2},"end":{"line":19,"column":23}},"13":{"start":{"line":22,"column":2},"end":{"line":37,"column":3}},"14":{"start":{"line":25,"column":6},"end":{"line":25,"column":44}},"15":{"start":{"line":26,"column":6},"end":{"line":26,"column":12}},"16":{"start":{"line":29,"column":6},"end":{"line":29,"column":44}},"17":{"start":{"line":30,"column":6},"end":{"line":30,"column":12}},"18":{"start":{"line":33,"column":6},"end":{"line":33,"column":44}},"19":{"start":{"line":34,"column":6},"end":{"line":34,"column":12}},"20":{"start":{"line":36,"column":6},"end":{"line":36,"column":57}},"21":{"start":{"line":39,"column":2},"end":{"line":39,"column":29}},"22":{"start":{"line":43,"column":2},"end":{"line":43,"column":77}},"23":{"start":{"line":48,"column":2},"end":{"line":48,"column":35}},"24":{"start":{"line":52,"column":2},"end":{"line":52,"column":40}},"25":{"start":{"line":56,"column":2},"end":{"line":60,"column":4}},"26":{"start":{"line":64,"column":2},"end":{"line":68,"column":4}},"27":{"start":{"line":72,"column":51},"end":{"line":72,"column":59}},"28":{"start":{"line":75,"column":23},"end":{"line":75,"column":52}},"29":{"start":{"line":76,"column":2},"end":{"line":78,"column":3}},"30":{"start":{"line":77,"column":4},"end":{"line":77,"column":43}},"31":{"start":{"line":81,"column":25},"end":{"line":81,"column":53}},"32":{"start":{"line":84,"column":15},"end":{"line":90,"column":4}},"33":{"start":{"line":92,"column":2},"end":{"line":92,"column":20}},"34":{"start":{"line":95,"column":22},"end":{"line":95,"column":47}},"35":{"start":{"line":96,"column":23},"end":{"line":96,"column":49}},"36":{"start":{"line":98,"column":2},"end":{"line":108,"column":4}},"37":{"start":{"line":112,"column":30},"end":{"line":112,"column":41}},"38":{"start":{"line":115,"column":15},"end":{"line":115,"column":44}},"39":{"start":{"line":116,"column":2},"end":{"line":118,"column":3}},"40":{"start":{"line":117,"column":4},"end":{"line":117,"column":43}},"41":{"start":{"line":121,"column":26},"end":{"line":121,"column":72}},"42":{"start":{"line":122,"column":2},"end":{"line":124,"column":3}},"43":{"start":{"line":123,"column":4},"end":{"line":123,"column":43}},"44":{"start":{"line":127,"column":22},"end":{"line":127,"column":47}},"45":{"start":{"line":128,"column":23},"end":{"line":128,"column":49}},"46":{"start":{"line":130,"column":2},"end":{"line":140,"column":4}},"47":{"start":{"line":144,"column":2},"end":{"line":161,"column":3}},"48":{"start":{"line":145,"column":20},"end":{"line":145,"column":64}},"49":{"start":{"line":146,"column":17},"end":{"line":146,"column":52}},"50":{"start":{"line":148,"column":4},"end":{"line":150,"column":5}},"51":{"start":{"line":149,"column":6},"end":{"line":149,"column":40}},"52":{"start":{"line":152,"column":27},"end":{"line":152,"column":52}},"53":{"start":{"line":153,"column":28},"end":{"line":153,"column":54}},"54":{"start":{"line":155,"column":4},"end":{"line":158,"column":6}},"55":{"start":{"line":160,"column":4},"end":{"line":160,"column":45}},"56":{"start":{"line":167,"column":2},"end":{"line":167,"column":48}},"57":{"start":{"line":171,"column":15},"end":{"line":171,"column":44}},"58":{"start":{"line":172,"column":2},"end":{"line":175,"column":3}},"59":{"start":{"line":174,"column":4},"end":{"line":174,"column":74}},"60":{"start":{"line":178,"column":21},"end":{"line":182,"column":3}},"61":{"start":{"line":186,"column":2},"end":{"line":186,"column":57}},"62":{"start":{"line":188,"column":2},"end":{"line":188,"column":72}},"63":{"start":{"line":192,"column":2},"end":{"line":207,"column":3}},"64":{"start":{"line":193,"column":20},"end":{"line":193,"column":49}},"65":{"start":{"line":194,"column":17},"end":{"line":194,"column":52}},"66":{"start":{"line":196,"column":4},"end":{"line":198,"column":5}},"67":{"start":{"line":197,"column":6},"end":{"line":197,"column":45}},"68":{"start":{"line":200,"column":27},"end":{"line":200,"column":58}},"69":{"start":{"line":201,"column":4},"end":{"line":201,"column":35}},"70":{"start":{"line":202,"column":4},"end":{"line":202,"column":22}},"71":{"start":{"line":204,"column":4},"end":{"line":204,"column":54}},"72":{"start":{"line":206,"column":4},"end":{"line":206,"column":54}},"73":{"start":{"line":210,"column":0},"end":{"line":220,"column":2}}},"fnMap":{"0":{"name":"verifyWebhookSignature","decl":{"start":{"line":10,"column":15},"end":{"line":10,"column":37}},"loc":{"start":{"line":10,"column":63},"end":{"line":14,"column":1}},"line":10},"1":{"name":"processWebhook","decl":{"start":{"line":16,"column":15},"end":{"line":16,"column":29}},"loc":{"start":{"line":16,"column":47},"end":{"line":40,"column":1}},"line":16},"2":{"name":"listWebhooks","decl":{"start":{"line":42,"column":15},"end":{"line":42,"column":27}},"loc":{"start":{"line":42,"column":59},"end":{"line":44,"column":1}},"line":42},"3":{"name":"hashPassword","decl":{"start":{"line":47,"column":15},"end":{"line":47,"column":27}},"loc":{"start":{"line":47,"column":38},"end":{"line":49,"column":1}},"line":47},"4":{"name":"comparePassword","decl":{"start":{"line":51,"column":15},"end":{"line":51,"column":30}},"loc":{"start":{"line":51,"column":47},"end":{"line":53,"column":1}},"line":51},"5":{"name":"generateAccessToken","decl":{"start":{"line":55,"column":9},"end":{"line":55,"column":28}},"loc":{"start":{"line":55,"column":35},"end":{"line":61,"column":1}},"line":55},"6":{"name":"generateRefreshToken","decl":{"start":{"line":63,"column":9},"end":{"line":63,"column":29}},"loc":{"start":{"line":63,"column":36},"end":{"line":69,"column":1}},"line":63},"7":{"name":"register","decl":{"start":{"line":71,"column":15},"end":{"line":71,"column":23}},"loc":{"start":{"line":71,"column":34},"end":{"line":109,"column":1}},"line":71},"8":{"name":"login","decl":{"start":{"line":111,"column":15},"end":{"line":111,"column":20}},"loc":{"start":{"line":111,"column":34},"end":{"line":141,"column":1}},"line":111},"9":{"name":"refreshToken","decl":{"start":{"line":143,"column":15},"end":{"line":143,"column":27}},"loc":{"start":{"line":143,"column":42},"end":{"line":162,"column":1}},"line":143},"10":{"name":"logout","decl":{"start":{"line":164,"column":15},"end":{"line":164,"column":21}},"loc":{"start":{"line":164,"column":24},"end":{"line":168,"column":1}},"line":164},"11":{"name":"forgotPassword","decl":{"start":{"line":170,"column":15},"end":{"line":170,"column":29}},"loc":{"start":{"line":170,"column":37},"end":{"line":189,"column":1}},"line":170},"12":{"name":"resetPassword","decl":{"start":{"line":191,"column":15},"end":{"line":191,"column":28}},"loc":{"start":{"line":191,"column":49},"end":{"line":208,"column":1}},"line":191}},"branchMap":{"0":{"loc":{"start":{"line":8,"column":27},"end":{"line":8,"column":83}},"type":"binary-expr","locations":[{"start":{"line":8,"column":27},"end":{"line":8,"column":57}},{"start":{"line":8,"column":61},"end":{"line":8,"column":83}}],"line":8},"1":{"loc":{"start":{"line":11,"column":2},"end":{"line":11,"column":64}},"type":"if","locations":[{"start":{"line":11,"column":2},"end":{"line":11,"column":64}},{"start":{},"end":{}}],"line":11},"2":{"loc":{"start":{"line":22,"column":2},"end":{"line":37,"column":3}},"type":"switch","locations":[{"start":{"line":23,"column":4},"end":{"line":26,"column":12}},{"start":{"line":27,"column":4},"end":{"line":30,"column":12}},{"start":{"line":31,"column":4},"end":{"line":34,"column":12}},{"start":{"line":35,"column":4},"end":{"line":36,"column":57}}],"line":22},"3":{"loc":{"start":{"line":42,"column":28},"end":{"line":42,"column":57}},"type":"default-arg","locations":[{"start":{"line":42,"column":55},"end":{"line":42,"column":57}}],"line":42},"4":{"loc":{"start":{"line":42,"column":30},"end":{"line":42,"column":40}},"type":"default-arg","locations":[{"start":{"line":42,"column":38},"end":{"line":42,"column":40}}],"line":42},"5":{"loc":{"start":{"line":42,"column":42},"end":{"line":42,"column":50}},"type":"default-arg","locations":[{"start":{"line":42,"column":49},"end":{"line":42,"column":50}}],"line":42},"6":{"loc":{"start":{"line":76,"column":2},"end":{"line":78,"column":3}},"type":"if","locations":[{"start":{"line":76,"column":2},"end":{"line":78,"column":3}},{"start":{},"end":{}}],"line":76},"7":{"loc":{"start":{"line":116,"column":2},"end":{"line":118,"column":3}},"type":"if","locations":[{"start":{"line":116,"column":2},"end":{"line":118,"column":3}},{"start":{},"end":{}}],"line":116},"8":{"loc":{"start":{"line":122,"column":2},"end":{"line":124,"column":3}},"type":"if","locations":[{"start":{"line":122,"column":2},"end":{"line":124,"column":3}},{"start":{},"end":{}}],"line":122},"9":{"loc":{"start":{"line":148,"column":4},"end":{"line":150,"column":5}},"type":"if","locations":[{"start":{"line":148,"column":4},"end":{"line":150,"column":5}},{"start":{},"end":{}}],"line":148},"10":{"loc":{"start":{"line":172,"column":2},"end":{"line":175,"column":3}},"type":"if","locations":[{"start":{"line":172,"column":2},"end":{"line":175,"column":3}},{"start":{},"end":{}}],"line":172},"11":{"loc":{"start":{"line":196,"column":4},"end":{"line":198,"column":5}},"type":"if","locations":[{"start":{"line":196,"column":4},"end":{"line":198,"column":5}},{"start":{},"end":{}}],"line":196}},"s":{"0":7,"1":7,"2":7,"3":7,"4":7,"5":7,"6":7,"7":0,"8":0,"9":0,"10":0,"11":0,"12":0,"13":0,"14":0,"15":0,"16":0,"17":0,"18":0,"19":0,"20":0,"21":0,"22":0,"23":0,"24":0,"25":0,"26":0,"27":0,"28":0,"29":0,"30":0,"31":0,"32":0,"33":0,"34":0,"35":0,"36":0,"37":0,"38":0,"39":0,"40":0,"41":0,"42":0,"43":0,"44":0,"45":0,"46":0,"47":0,"48":0,"49":0,"50":0,"51":0,"52":0,"53":0,"54":0,"55":0,"56":0,"57":0,"58":0,"59":0,"60":0,"61":0,"62":0,"63":0,"64":0,"65":0,"66":0,"67":0,"68":0,"69":0,"70":0,"71":0,"72":0,"73":7},"f":{"0":0,"1":0,"2":0,"3":0,"4":0,"5":0,"6":0,"7":0,"8":0,"9":0,"10":0,"11":0,"12":0},"b":{"0":[7,7],"1":[0,0],"2":[0,0,0,0],"3":[0],"4":[0],"5":[0],"6":[0,0],"7":[0,0],"8":[0,0],"9":[0,0],"10":[0,0],"11":[0,0]},"_coverageSchema":"1a1c01bbd47fc00a2c39e90264f33305004495a9","hash":"e0faaaf6162d380adbe7db86ed67ea1376c1ed78"}
,"D:\\KPT-Website\\backend\\modules\\auth\\auth.validation.js": {"path":"D:\\KPT-Website\\backend\\modules\\auth\\auth.validation.js","statementMap":{"0":{"start":{"line":1,"column":12},"end":{"line":1,"column":26}},"1":{"start":{"line":3,"column":22},"end":{"line":6,"column":2}},"2":{"start":{"line":8,"column":19},"end":{"line":11,"column":2}},"3":{"start":{"line":13,"column":23},"end":{"line":18,"column":2}},"4":{"start":{"line":20,"column":20},"end":{"line":23,"column":2}},"5":{"start":{"line":25,"column":27},"end":{"line":27,"column":2}},"6":{"start":{"line":29,"column":29},"end":{"line":31,"column":2}},"7":{"start":{"line":33,"column":28},"end":{"line":36,"column":2}},"8":{"start":{"line":38,"column":0},"end":{"line":46,"column":2}}},"fnMap":{},"branchMap":{},"s":{"0":7,"1":7,"2":7,"3":7,"4":7,"5":7,"6":7,"7":7,"8":7},"f":{},"b":{},"_coverageSchema":"1a1c01bbd47fc00a2c39e90264f33305004495a9","hash":"c7c1a9a63086fc427b5d394248288353fb90e165"}
,"D:\\KPT-Website\\backend\\modules\\departments\\department.controller.js": {"path":"D:\\KPT-Website\\backend\\modules\\departments\\department.controller.js","statementMap":{"0":{"start":{"line":1,"column":97},"end":{"line":1,"column":128}},"1":{"start":{"line":2,"column":39},"end":{"line":2,"column":73}},"2":{"start":{"line":5,"column":27},"end":{"line":5,"column":58}},"3":{"start":{"line":6,"column":2},"end":{"line":6,"column":69}},"4":{"start":{"line":6,"column":13},"end":{"line":6,"column":69}},"5":{"start":{"line":7,"column":14},"end":{"line":7,"column":43}},"6":{"start":{"line":8,"column":2},"end":{"line":8,"column":28}},"7":{"start":{"line":12,"column":37},"end":{"line":12,"column":46}},"8":{"start":{"line":13,"column":15},"end":{"line":13,"column":199}},"9":{"start":{"line":14,"column":2},"end":{"line":14,"column":17}},"10":{"start":{"line":18,"column":14},"end":{"line":18,"column":48}},"11":{"start":{"line":19,"column":2},"end":{"line":19,"column":66}},"12":{"start":{"line":19,"column":12},"end":{"line":19,"column":66}},"13":{"start":{"line":20,"column":2},"end":{"line":20,"column":16}},"14":{"start":{"line":24,"column":27},"end":{"line":24,"column":58}},"15":{"start":{"line":25,"column":2},"end":{"line":25,"column":69}},"16":{"start":{"line":25,"column":13},"end":{"line":25,"column":69}},"17":{"start":{"line":26,"column":14},"end":{"line":26,"column":58}},"18":{"start":{"line":27,"column":2},"end":{"line":27,"column":16}},"19":{"start":{"line":31,"column":2},"end":{"line":31,"column":40}},"20":{"start":{"line":32,"column":2},"end":{"line":32,"column":24}},"21":{"start":{"line":35,"column":0},"end":{"line":35,"column":59}}},"fnMap":{"0":{"name":"create","decl":{"start":{"line":4,"column":15},"end":{"line":4,"column":21}},"loc":{"start":{"line":4,"column":32},"end":{"line":9,"column":1}},"line":4},"1":{"name":"list","decl":{"start":{"line":11,"column":15},"end":{"line":11,"column":19}},"loc":{"start":{"line":11,"column":30},"end":{"line":15,"column":1}},"line":11},"2":{"name":"getById","decl":{"start":{"line":17,"column":15},"end":{"line":17,"column":22}},"loc":{"start":{"line":17,"column":33},"end":{"line":21,"column":1}},"line":17},"3":{"name":"update","decl":{"start":{"line":23,"column":15},"end":{"line":23,"column":21}},"loc":{"start":{"line":23,"column":32},"end":{"line":28,"column":1}},"line":23},"4":{"name":"remove","decl":{"start":{"line":30,"column":15},"end":{"line":30,"column":21}},"loc":{"start":{"line":30,"column":32},"end":{"line":33,"column":1}},"line":30}},"branchMap":{"0":{"loc":{"start":{"line":6,"column":2},"end":{"line":6,"column":69}},"type":"if","locations":[{"start":{"line":6,"column":2},"end":{"line":6,"column":69}},{"start":{},"end":{}}],"line":6},"1":{"loc":{"start":{"line":13,"column":46},"end":{"line":13,"column":79}},"type":"cond-expr","locations":[{"start":{"line":13,"column":54},"end":{"line":13,"column":67}},{"start":{"line":13,"column":70},"end":{"line":13,"column":79}}],"line":13},"2":{"loc":{"start":{"line":13,"column":87},"end":{"line":13,"column":118}},"type":"cond-expr","locations":[{"start":{"line":13,"column":94},"end":{"line":13,"column":106}},{"start":{"line":13,"column":109},"end":{"line":13,"column":118}}],"line":13},"3":{"loc":{"start":{"line":13,"column":128},"end":{"line":13,"column":193}},"type":"cond-expr","locations":[{"start":{"line":13,"column":148},"end":{"line":13,"column":152}},{"start":{"line":13,"column":155},"end":{"line":13,"column":193}}],"line":13},"4":{"loc":{"start":{"line":13,"column":155},"end":{"line":13,"column":193}},"type":"cond-expr","locations":[{"start":{"line":13,"column":176},"end":{"line":13,"column":181}},{"start":{"line":13,"column":184},"end":{"line":13,"column":193}}],"line":13},"5":{"loc":{"start":{"line":19,"column":2},"end":{"line":19,"column":66}},"type":"if","locations":[{"start":{"line":19,"column":2},"end":{"line":19,"column":66}},{"start":{},"end":{}}],"line":19},"6":{"loc":{"start":{"line":25,"column":2},"end":{"line":25,"column":69}},"type":"if","locations":[{"start":{"line":25,"column":2},"end":{"line":25,"column":69}},{"start":{},"end":{}}],"line":25}},"s":{"0":7,"1":7,"2":1,"3":1,"4":0,"5":1,"6":1,"7":1,"8":1,"9":1,"10":0,"11":0,"12":0,"13":0,"14":0,"15":0,"16":0,"17":0,"18":0,"19":0,"20":0,"21":7},"f":{"0":1,"1":1,"2":0,"3":0,"4":0},"b":{"0":[0,1],"1":[0,1],"2":[0,1],"3":[0,1],"4":[0,1],"5":[0,0],"6":[0,0]},"_coverageSchema":"1a1c01bbd47fc00a2c39e90264f33305004495a9","hash":"e9f96cce4fc1236d6a9d2edacabe10168842c860"}
,"D:\\KPT-Website\\backend\\modules\\departments\\department.model.js": {"path":"D:\\KPT-Website\\backend\\modules\\departments\\department.model.js","statementMap":{"0":{"start":{"line":1,"column":17},"end":{"line":1,"column":36}},"1":{"start":{"line":2,"column":19},"end":{"line":2,"column":27}},"2":{"start":{"line":4,"column":24},"end":{"line":7,"column":1}},"3":{"start":{"line":9,"column":25},"end":{"line":15,"column":24}},"4":{"start":{"line":17,"column":0},"end":{"line":17,"column":64}}},"fnMap":{},"branchMap":{},"s":{"0":6,"1":6,"2":6,"3":6,"4":6},"f":{},"b":{},"_coverageSchema":"1a1c01bbd47fc00a2c39e90264f33305004495a9","hash":"5a4471d2b6d00312c08876a22725b9241ed501bb"}
,"D:\\KPT-Website\\backend\\modules\\departments\\department.routes.js": {"path":"D:\\KPT-Website\\backend\\modules\\departments\\department.routes.js","statementMap":{"0":{"start":{"line":1,"column":16},"end":{"line":1,"column":34}},"1":{"start":{"line":2,"column":15},"end":{"line":2,"column":31}},"2":{"start":{"line":3,"column":13},"end":{"line":3,"column":57}},"3":{"start":{"line":4,"column":20},"end":{"line":4,"column":64}},"4":{"start":{"line":5,"column":19},"end":{"line":5,"column":53}},"5":{"start":{"line":7,"column":0},"end":{"line":7,"column":33}},"6":{"start":{"line":8,"column":0},"end":{"line":8,"column":64}},"7":{"start":{"line":9,"column":0},"end":{"line":9,"column":39}},"8":{"start":{"line":10,"column":0},"end":{"line":10,"column":66}},"9":{"start":{"line":11,"column":0},"end":{"line":11,"column":74}},"10":{"start":{"line":13,"column":0},"end":{"line":13,"column":24}}},"fnMap":{},"branchMap":{},"s":{"0":7,"1":7,"2":7,"3":7,"4":7,"5":7,"6":7,"7":7,"8":7,"9":7,"10":7},"f":{},"b":{},"_coverageSchema":"1a1c01bbd47fc00a2c39e90264f33305004495a9","hash":"9d2404af98efa264f592ac34b69edbdb5f6032a7"}
,"D:\\KPT-Website\\backend\\modules\\departments\\department.service.js": {"path":"D:\\KPT-Website\\backend\\modules\\departments\\department.service.js","statementMap":{"0":{"start":{"line":1,"column":19},"end":{"line":1,"column":48}},"1":{"start":{"line":4,"column":14},"end":{"line":4,"column":37}},"2":{"start":{"line":5,"column":2},"end":{"line":5,"column":20}},"3":{"start":{"line":9,"column":17},"end":{"line":9,"column":19}},"4":{"start":{"line":10,"column":2},"end":{"line":10,"column":58}},"5":{"start":{"line":10,"column":35},"end":{"line":10,"column":58}},"6":{"start":{"line":11,"column":2},"end":{"line":11,"column":48}},"7":{"start":{"line":11,"column":9},"end":{"line":11,"column":48}},"8":{"start":{"line":12,"column":2},"end":{"line":12,"column":91}},"9":{"start":{"line":16,"column":2},"end":{"line":16,"column":33}},"10":{"start":{"line":20,"column":2},"end":{"line":20,"column":66}},"11":{"start":{"line":24,"column":2},"end":{"line":24,"column":42}},"12":{"start":{"line":27,"column":0},"end":{"line":27,"column":106}}},"fnMap":{"0":{"name":"createDepartment","decl":{"start":{"line":3,"column":15},"end":{"line":3,"column":31}},"loc":{"start":{"line":3,"column":41},"end":{"line":6,"column":1}},"line":3},"1":{"name":"listDepartments","decl":{"start":{"line":8,"column":15},"end":{"line":8,"column":30}},"loc":{"start":{"line":8,"column":73},"end":{"line":13,"column":1}},"line":8},"2":{"name":"getDepartment","decl":{"start":{"line":15,"column":15},"end":{"line":15,"column":28}},"loc":{"start":{"line":15,"column":33},"end":{"line":17,"column":1}},"line":15},"3":{"name":"updateDepartment","decl":{"start":{"line":19,"column":15},"end":{"line":19,"column":31}},"loc":{"start":{"line":19,"column":45},"end":{"line":21,"column":1}},"line":19},"4":{"name":"removeDepartment","decl":{"start":{"line":23,"column":15},"end":{"line":23,"column":31}},"loc":{"start":{"line":23,"column":36},"end":{"line":25,"column":1}},"line":23}},"branchMap":{"0":{"loc":{"start":{"line":8,"column":31},"end":{"line":8,"column":71}},"type":"default-arg","locations":[{"start":{"line":8,"column":69},"end":{"line":8,"column":71}}],"line":8},"1":{"loc":{"start":{"line":8,"column":33},"end":{"line":8,"column":43}},"type":"default-arg","locations":[{"start":{"line":8,"column":41},"end":{"line":8,"column":43}}],"line":8},"2":{"loc":{"start":{"line":8,"column":45},"end":{"line":8,"column":53}},"type":"default-arg","locations":[{"start":{"line":8,"column":52},"end":{"line":8,"column":53}}],"line":8},"3":{"loc":{"start":{"line":10,"column":2},"end":{"line":10,"column":58}},"type":"if","locations":[{"start":{"line":10,"column":2},"end":{"line":10,"column":58}},{"start":{},"end":{}}],"line":10},"4":{"loc":{"start":{"line":11,"column":2},"end":{"line":11,"column":48}},"type":"if","locations":[{"start":{"line":11,"column":2},"end":{"line":11,"column":48}},{"start":{},"end":{}}],"line":11}},"s":{"0":6,"1":0,"2":0,"3":0,"4":0,"5":0,"6":0,"7":0,"8":0,"9":0,"10":0,"11":0,"12":6},"f":{"0":0,"1":0,"2":0,"3":0,"4":0},"b":{"0":[0],"1":[0],"2":[0],"3":[0,0],"4":[0,0]},"_coverageSchema":"1a1c01bbd47fc00a2c39e90264f33305004495a9","hash":"fbe6857d906d7a70c24750c010530c0aa03f6756"}
,"D:\\KPT-Website\\backend\\modules\\departments\\department.validation.js": {"path":"D:\\KPT-Website\\backend\\modules\\departments\\department.validation.js","statementMap":{"0":{"start":{"line":1,"column":12},"end":{"line":1,"column":26}},"1":{"start":{"line":3,"column":24},"end":{"line":3,"column":101}},"2":{"start":{"line":5,"column":21},"end":{"line":11,"column":2}},"3":{"start":{"line":13,"column":21},"end":{"line":19,"column":2}},"4":{"start":{"line":21,"column":0},"end":{"line":21,"column":48}}},"fnMap":{},"branchMap":{},"s":{"0":7,"1":7,"2":7,"3":7,"4":7},"f":{},"b":{},"_coverageSchema":"1a1c01bbd47fc00a2c39e90264f33305004495a9","hash":"a45915db2e4c4abd4a6b280aea568d9e149b0f17"}
,"D:\\KPT-Website\\backend\\modules\\home-sections\\homeSection.controller.js": {"path":"D:\\KPT-Website\\backend\\modules\\home-sections\\homeSection.controller.js","statementMap":{"0":{"start":{"line":8,"column":4},"end":{"line":8,"column":36}},"1":{"start":{"line":9,"column":39},"end":{"line":9,"column":74}},"2":{"start":{"line":12,"column":27},"end":{"line":12,"column":58}},"3":{"start":{"line":13,"column":2},"end":{"line":13,"column":69}},"4":{"start":{"line":13,"column":13},"end":{"line":13,"column":69}},"5":{"start":{"line":14,"column":2},"end":{"line":21,"column":3}},"6":{"start":{"line":15,"column":16},"end":{"line":15,"column":46}},"7":{"start":{"line":16,"column":4},"end":{"line":16,"column":30}},"8":{"start":{"line":18,"column":4},"end":{"line":18,"column":88}},"9":{"start":{"line":18,"column":27},"end":{"line":18,"column":88}},"10":{"start":{"line":19,"column":4},"end":{"line":19,"column":88}},"11":{"start":{"line":20,"column":4},"end":{"line":20,"column":58}},"12":{"start":{"line":25,"column":57},"end":{"line":25,"column":66}},"13":{"start":{"line":26,"column":15},"end":{"line":33,"column":4}},"14":{"start":{"line":34,"column":2},"end":{"line":34,"column":17}},"15":{"start":{"line":38,"column":27},"end":{"line":38,"column":36}},"16":{"start":{"line":39,"column":15},"end":{"line":39,"column":56}},"17":{"start":{"line":40,"column":2},"end":{"line":40,"column":17}},"18":{"start":{"line":44,"column":14},"end":{"line":44,"column":49}},"19":{"start":{"line":45,"column":2},"end":{"line":45,"column":66}},"20":{"start":{"line":45,"column":12},"end":{"line":45,"column":66}},"21":{"start":{"line":46,"column":2},"end":{"line":46,"column":16}},"22":{"start":{"line":50,"column":27},"end":{"line":50,"column":58}},"23":{"start":{"line":51,"column":2},"end":{"line":51,"column":69}},"24":{"start":{"line":51,"column":13},"end":{"line":51,"column":69}},"25":{"start":{"line":52,"column":2},"end":{"line":60,"column":3}},"26":{"start":{"line":53,"column":16},"end":{"line":53,"column":61}},"27":{"start":{"line":54,"column":4},"end":{"line":54,"column":68}},"28":{"start":{"line":54,"column":14},"end":{"line":54,"column":68}},"29":{"start":{"line":55,"column":4},"end":{"line":55,"column":18}},"30":{"start":{"line":57,"column":4},"end":{"line":57,"column":88}},"31":{"start":{"line":57,"column":27},"end":{"line":57,"column":88}},"32":{"start":{"line":58,"column":4},"end":{"line":58,"column":88}},"33":{"start":{"line":59,"column":4},"end":{"line":59,"column":58}},"34":{"start":{"line":64,"column":14},"end":{"line":64,"column":52}},"35":{"start":{"line":65,"column":2},"end":{"line":65,"column":66}},"36":{"start":{"line":65,"column":12},"end":{"line":65,"column":66}},"37":{"start":{"line":66,"column":2},"end":{"line":66,"column":24}},"38":{"start":{"line":69,"column":0},"end":{"line":69,"column":71}}},"fnMap":{"0":{"name":"create","decl":{"start":{"line":11,"column":15},"end":{"line":11,"column":21}},"loc":{"start":{"line":11,"column":32},"end":{"line":22,"column":1}},"line":11},"1":{"name":"list","decl":{"start":{"line":24,"column":15},"end":{"line":24,"column":19}},"loc":{"start":{"line":24,"column":30},"end":{"line":35,"column":1}},"line":24},"2":{"name":"listActive","decl":{"start":{"line":37,"column":15},"end":{"line":37,"column":25}},"loc":{"start":{"line":37,"column":36},"end":{"line":41,"column":1}},"line":37},"3":{"name":"getById","decl":{"start":{"line":43,"column":15},"end":{"line":43,"column":22}},"loc":{"start":{"line":43,"column":33},"end":{"line":47,"column":1}},"line":43},"4":{"name":"update","decl":{"start":{"line":49,"column":15},"end":{"line":49,"column":21}},"loc":{"start":{"line":49,"column":32},"end":{"line":61,"column":1}},"line":49},"5":{"name":"remove","decl":{"start":{"line":63,"column":15},"end":{"line":63,"column":21}},"loc":{"start":{"line":63,"column":32},"end":{"line":67,"column":1}},"line":63}},"branchMap":{"0":{"loc":{"start":{"line":13,"column":2},"end":{"line":13,"column":69}},"type":"if","locations":[{"start":{"line":13,"column":2},"end":{"line":13,"column":69}},{"start":{},"end":{}}],"line":13},"1":{"loc":{"start":{"line":18,"column":4},"end":{"line":18,"column":88}},"type":"if","locations":[{"start":{"line":18,"column":4},"end":{"line":18,"column":88}},{"start":{},"end":{}}],"line":18},"2":{"loc":{"start":{"line":18,"column":8},"end":{"line":18,"column":25}},"type":"binary-expr","locations":[{"start":{"line":18,"column":8},"end":{"line":18,"column":11}},{"start":{"line":18,"column":15},"end":{"line":18,"column":25}}],"line":18},"3":{"loc":{"start":{"line":19,"column":48},"end":{"line":19,"column":86}},"type":"cond-expr","locations":[{"start":{"line":19,"column":69},"end":{"line":19,"column":80}},{"start":{"line":19,"column":83},"end":{"line":19,"column":86}}],"line":19},"4":{"loc":{"start":{"line":19,"column":48},"end":{"line":19,"column":66}},"type":"binary-expr","locations":[{"start":{"line":19,"column":48},"end":{"line":19,"column":51}},{"start":{"line":19,"column":55},"end":{"line":19,"column":66}}],"line":19},"5":{"loc":{"start":{"line":27,"column":11},"end":{"line":27,"column":44}},"type":"cond-expr","locations":[{"start":{"line":27,"column":19},"end":{"line":27,"column":32}},{"start":{"line":27,"column":35},"end":{"line":27,"column":44}}],"line":27},"6":{"loc":{"start":{"line":28,"column":10},"end":{"line":28,"column":41}},"type":"cond-expr","locations":[{"start":{"line":28,"column":17},"end":{"line":28,"column":29}},{"start":{"line":28,"column":32},"end":{"line":28,"column":41}}],"line":28},"7":{"loc":{"start":{"line":29,"column":12},"end":{"line":29,"column":77}},"type":"cond-expr","locations":[{"start":{"line":29,"column":32},"end":{"line":29,"column":36}},{"start":{"line":29,"column":39},"end":{"line":29,"column":77}}],"line":29},"8":{"loc":{"start":{"line":29,"column":39},"end":{"line":29,"column":77}},"type":"cond-expr","locations":[{"start":{"line":29,"column":60},"end":{"line":29,"column":65}},{"start":{"line":29,"column":68},"end":{"line":29,"column":77}}],"line":29},"9":{"loc":{"start":{"line":45,"column":2},"end":{"line":45,"column":66}},"type":"if","locations":[{"start":{"line":45,"column":2},"end":{"line":45,"column":66}},{"start":{},"end":{}}],"line":45},"10":{"loc":{"start":{"line":51,"column":2},"end":{"line":51,"column":69}},"type":"if","locations":[{"start":{"line":51,"column":2},"end":{"line":51,"column":69}},{"start":{},"end":{}}],"line":51},"11":{"loc":{"start":{"line":54,"column":4},"end":{"line":54,"column":68}},"type":"if","locations":[{"start":{"line":54,"column":4},"end":{"line":54,"column":68}},{"start":{},"end":{}}],"line":54},"12":{"loc":{"start":{"line":57,"column":4},"end":{"line":57,"column":88}},"type":"if","locations":[{"start":{"line":57,"column":4},"end":{"line":57,"column":88}},{"start":{},"end":{}}],"line":57},"13":{"loc":{"start":{"line":57,"column":8},"end":{"line":57,"column":25}},"type":"binary-expr","locations":[{"start":{"line":57,"column":8},"end":{"line":57,"column":11}},{"start":{"line":57,"column":15},"end":{"line":57,"column":25}}],"line":57},"14":{"loc":{"start":{"line":58,"column":48},"end":{"line":58,"column":86}},"type":"cond-expr","locations":[{"start":{"line":58,"column":69},"end":{"line":58,"column":80}},{"start":{"line":58,"column":83},"end":{"line":58,"column":86}}],"line":58},"15":{"loc":{"start":{"line":58,"column":48},"end":{"line":58,"column":66}},"type":"binary-expr","locations":[{"start":{"line":58,"column":48},"end":{"line":58,"column":51}},{"start":{"line":58,"column":55},"end":{"line":58,"column":66}}],"line":58},"16":{"loc":{"start":{"line":65,"column":2},"end":{"line":65,"column":66}},"type":"if","locations":[{"start":{"line":65,"column":2},"end":{"line":65,"column":66}},{"start":{},"end":{}}],"line":65}},"s":{"0":7,"1":7,"2":0,"3":0,"4":0,"5":0,"6":0,"7":0,"8":0,"9":0,"10":0,"11":0,"12":0,"13":0,"14":0,"15":0,"16":0,"17":0,"18":0,"19":0,"20":0,"21":0,"22":0,"23":0,"24":0,"25":0,"26":0,"27":0,"28":0,"29":0,"30":0,"31":0,"32":0,"33":0,"34":0,"35":0,"36":0,"37":0,"38":7},"f":{"0":0,"1":0,"2":0,"3":0,"4":0,"5":0},"b":{"0":[0,0],"1":[0,0],"2":[0,0],"3":[0,0],"4":[0,0],"5":[0,0],"6":[0,0],"7":[0,0],"8":[0,0],"9":[0,0],"10":[0,0],"11":[0,0],"12":[0,0],"13":[0,0],"14":[0,0],"15":[0,0],"16":[0,0]},"_coverageSchema":"1a1c01bbd47fc00a2c39e90264f33305004495a9","hash":"09e3cf2334c124ac71ddb39292735de0899b56db"}
,"D:\\KPT-Website\\backend\\modules\\home-sections\\homeSection.model.js": {"path":"D:\\KPT-Website\\backend\\modules\\home-sections\\homeSection.model.js","statementMap":{"0":{"start":{"line":1,"column":17},"end":{"line":1,"column":36}},"1":{"start":{"line":2,"column":19},"end":{"line":2,"column":27}},"2":{"start":{"line":4,"column":24},"end":{"line":7,"column":18}},"3":{"start":{"line":9,"column":20},"end":{"line":15,"column":18}},"4":{"start":{"line":17,"column":26},"end":{"line":35,"column":24}},"5":{"start":{"line":37,"column":0},"end":{"line":37,"column":66}}},"fnMap":{},"branchMap":{},"s":{"0":7,"1":7,"2":7,"3":7,"4":7,"5":7},"f":{},"b":{},"_coverageSchema":"1a1c01bbd47fc00a2c39e90264f33305004495a9","hash":"f71778c3bb9c138e5b158b6619ccb75b5a34cea7"}
[...]
ne":107,"column":58},"end":{"line":107,"column":69}}],"line":107},"21":{"loc":{"start":{"line":117,"column":15},"end":{"line":117,"column":32}},"type":"binary-expr","locations":[{"start":{"line":117,"column":15},"end":{"line":117,"column":24}},{"start":{"line":117,"column":28},"end":{"line":117,"column":32}}],"line":117},"22":{"loc":{"start":{"line":126,"column":53},"end":{"line":126,"column":91}},"type":"cond-expr","locations":[{"start":{"line":126,"column":74},"end":{"line":126,"column":85}},{"start":{"line":126,"column":88},"end":{"line":126,"column":91}}],"line":126},"23":{"loc":{"start":{"line":126,"column":53},"end":{"line":126,"column":71}},"type":"binary-expr","locations":[{"start":{"line":126,"column":53},"end":{"line":126,"column":56}},{"start":{"line":126,"column":60},"end":{"line":126,"column":71}}],"line":126},"24":{"loc":{"start":{"line":136,"column":15},"end":{"line":136,"column":32}},"type":"binary-expr","locations":[{"start":{"line":136,"column":15},"end":{"line":136,"column":24}},{"start":{"line":136,"column":28},"end":{"line":136,"column":32}}],"line":136},"25":{"loc":{"start":{"line":145,"column":52},"end":{"line":145,"column":90}},"type":"cond-expr","locations":[{"start":{"line":145,"column":73},"end":{"line":145,"column":84}},{"start":{"line":145,"column":87},"end":{"line":145,"column":90}}],"line":145},"26":{"loc":{"start":{"line":145,"column":52},"end":{"line":145,"column":70}},"type":"binary-expr","locations":[{"start":{"line":145,"column":52},"end":{"line":145,"column":55}},{"start":{"line":145,"column":59},"end":{"line":145,"column":70}}],"line":145},"27":{"loc":{"start":{"line":153,"column":2},"end":{"line":153,"column":41}},"type":"if","locations":[{"start":{"line":153,"column":2},"end":{"line":153,"column":41}},{"start":{},"end":{}}],"line":153},"28":{"loc":{"start":{"line":154,"column":2},"end":{"line":154,"column":115}},"type":"if","locations":[{"start":{"line":154,"column":2},"end":{"line":154,"column":115}},{"start":{},"end":{}}],"line":154},"29":{"loc":{"start":{"line":154,"column":6},"end":{"line":154,"column":78}},"type":"binary-expr","locations":[{"start":{"line":154,"column":6},"end":{"line":154,"column":19}},{"start":{"line":154,"column":23},"end":{"line":154,"column":39}},{"start":{"line":154,"column":43},"end":{"line":154,"column":78}}],"line":154},"30":{"loc":{"start":{"line":172,"column":15},"end":{"line":172,"column":32}},"type":"binary-expr","locations":[{"start":{"line":172,"column":15},"end":{"line":172,"column":24}},{"start":{"line":172,"column":28},"end":{"line":172,"column":32}}],"line":172},"31":{"loc":{"start":{"line":181,"column":52},"end":{"line":181,"column":90}},"type":"cond-expr","locations":[{"start":{"line":181,"column":73},"end":{"line":181,"column":84}},{"start":{"line":181,"column":87},"end":{"line":181,"column":90}}],"line":181},"32":{"loc":{"start":{"line":181,"column":52},"end":{"line":181,"column":70}},"type":"binary-expr","locations":[{"start":{"line":181,"column":52},"end":{"line":181,"column":55}},{"start":{"line":181,"column":59},"end":{"line":181,"column":70}}],"line":181}},"s":{"0":4,"1":4,"2":4,"3":0,"4":0,"5":0,"6":0,"7":0,"8":0,"9":0,"10":0,"11":0,"12":0,"13":0,"14":0,"15":0,"16":0,"17":0,"18":0,"19":0,"20":0,"21":0,"22":0,"23":0,"24":0,"25":0,"26":0,"27":0,"28":0,"29":0,"30":0,"31":0,"32":0,"33":0,"34":0,"35":0,"36":0,"37":0,"38":0,"39":0,"40":0,"41":0,"42":0,"43":0,"44":0,"45":0,"46":0,"47":0,"48":0,"49":0,"50":0,"51":0,"52":0,"53":0,"54":0,"55":0,"56":0,"57":0,"58":0,"59":0,"60":0,"61":0,"62":0,"63":0,"64":0,"65":0,"66":0,"67":0,"68":0,"69":0,"70":0,"71":4},"f":{"0":0,"1":0,"2":0,"3":0,"4":0,"5":0,"6":0,"7":0,"8":0},"b":{"0":[0,0],"1":[0,0],"2":[0,0],"3":[0,0],"4":[0,0],"5":[0,0],"6":[0,0],"7":[0,0],"8":[0],"9":[0],"10":[0,0],"11":[0,0],"12":[0],"13":[0,0],"14":[0,0],"15":[0,0],"16":[0,0],"17":[0,0],"18":[0,0],"19":[0,0],"20":[0,0],"21":[0,0],"22":[0,0],"23":[0,0],"24":[0,0],"25":[0,0],"26":[0,0],"27":[0,0],"28":[0,0],"29":[0,0,0],"30":[0,0],"31":[0,0],"32":[0,0]},"_coverageSchema":"1a1c01bbd47fc00a2c39e90264f33305004495a9","hash":"680159e27424aae9227050901f950d8b83045096"}
,"D:\\KPT-Website\\backend\\modules\\pages\\page.validation.js": {"path":"D:\\KPT-Website\\backend\\modules\\pages\\page.validation.js","statementMap":{"0":{"start":{"line":1,"column":12},"end":{"line":1,"column":26}},"1":{"start":{"line":3,"column":24},"end":{"line":6,"column":2}},"2":{"start":{"line":8,"column":21},"end":{"line":14,"column":2}},"3":{"start":{"line":16,"column":21},"end":{"line":25,"column":2}},"4":{"start":{"line":27,"column":0},"end":{"line":27,"column":48}}},"fnMap":{},"branchMap":{},"s":{"0":7,"1":7,"2":7,"3":7,"4":7},"f":{},"b":{},"_coverageSchema":"1a1c01bbd47fc00a2c39e90264f33305004495a9","hash":"e39ce4cf20d8f96b383b2dff60a939d9c55129bb"}
,"D:\\KPT-Website\\backend\\modules\\users\\user.controller.js": {"path":"D:\\KPT-Website\\backend\\modules\\users\\user.controller.js","statementMap":{"0":{"start":{"line":1,"column":67},"end":{"line":1,"column":92}},"1":{"start":{"line":2,"column":39},"end":{"line":2,"column":67}},"2":{"start":{"line":5,"column":27},"end":{"line":5,"column":58}},"3":{"start":{"line":6,"column":2},"end":{"line":6,"column":69}},"4":{"start":{"line":6,"column":13},"end":{"line":6,"column":69}},"5":{"start":{"line":7,"column":2},"end":{"line":15,"column":3}},"6":{"start":{"line":8,"column":16},"end":{"line":8,"column":39}},"7":{"start":{"line":9,"column":4},"end":{"line":9,"column":30}},"8":{"start":{"line":11,"column":4},"end":{"line":13,"column":5}},"9":{"start":{"line":12,"column":6},"end":{"line":12,"column":71}},"10":{"start":{"line":14,"column":4},"end":{"line":14,"column":51}},"11":{"start":{"line":19,"column":37},"end":{"line":19,"column":46}},"12":{"start":{"line":20,"column":2},"end":{"line":30,"column":3}},"13":{"start":{"line":21,"column":17},"end":{"line":26,"column":6}},"14":{"start":{"line":27,"column":4},"end":{"line":27,"column":19}},"15":{"start":{"line":29,"column":4},"end":{"line":29,"column":51}},"16":{"start":{"line":34,"column":2},"end":{"line":40,"column":3}},"17":{"start":{"line":35,"column":16},"end":{"line":35,"column":44}},"18":{"start":{"line":36,"column":4},"end":{"line":36,"column":73}},"19":{"start":{"line":36,"column":14},"end":{"line":36,"column":73}},"20":{"start":{"line":37,"column":4},"end":{"line":37,"column":18}},"21":{"start":{"line":39,"column":4},"end":{"line":39,"column":51}},"22":{"start":{"line":44,"column":27},"end":{"line":44,"column":58}},"23":{"start":{"line":45,"column":2},"end":{"line":45,"column":69}},"24":{"start":{"line":45,"column":13},"end":{"line":45,"column":69}},"25":{"start":{"line":46,"column":2},"end":{"line":55,"column":3}},"26":{"start":{"line":47,"column":16},"end":{"line":47,"column":54}},"27":{"start":{"line":48,"column":4},"end":{"line":48,"column":73}},"28":{"start":{"line":48,"column":14},"end":{"line":48,"column":73}},"29":{"start":{"line":49,"column":4},"end":{"line":49,"column":18}},"30":{"start":{"line":51,"column":4},"end":{"line":53,"column":5}},"31":{"start":{"line":52,"column":6},"end":{"line":52,"column":71}},"32":{"start":{"line":54,"column":4},"end":{"line":54,"column":51}},"33":{"start":{"line":59,"column":2},"end":{"line":65,"column":3}},"34":{"start":{"line":60,"column":16},"end":{"line":60,"column":47}},"35":{"start":{"line":61,"column":4},"end":{"line":61,"column":73}},"36":{"start":{"line":61,"column":14},"end":{"line":61,"column":73}},"37":{"start":{"line":62,"column":4},"end":{"line":62,"column":26}},"38":{"start":{"line":64,"column":4},"end":{"line":64,"column":51}},"39":{"start":{"line":68,"column":0},"end":{"line":68,"column":59}}},"fnMap":{"0":{"name":"create","decl":{"start":{"line":4,"column":15},"end":{"line":4,"column":21}},"loc":{"start":{"line":4,"column":32},"end":{"line":16,"column":1}},"line":4},"1":{"name":"list","decl":{"start":{"line":18,"column":15},"end":{"line":18,"column":19}},"loc":{"start":{"line":18,"column":30},"end":{"line":31,"column":1}},"line":18},"2":{"name":"getById","decl":{"start":{"line":33,"column":15},"end":{"line":33,"column":22}},"loc":{"start":{"line":33,"column":33},"end":{"line":41,"column":1}},"line":33},"3":{"name":"update","decl":{"start":{"line":43,"column":15},"end":{"line":43,"column":21}},"loc":{"start":{"line":43,"column":32},"end":{"line":56,"column":1}},"line":43},"4":{"name":"remove","decl":{"start":{"line":58,"column":15},"end":{"line":58,"column":21}},"loc":{"start":{"line":58,"column":32},"end":{"line":66,"column":1}},"line":58}},"branchMap":{"0":{"loc":{"start":{"line":6,"column":2},"end":{"line":6,"column":69}},"type":"if","locations":[{"start":{"line":6,"column":2},"end":{"line":6,"column":69}},{"start":{},"end":{}}],"line":6},"1":{"loc":{"start":{"line":11,"column":4},"end":{"line":13,"column":5}},"type":"if","locations":[{"start":{"line":11,"column":4},"end":{"line":13,"column":5}},{"start":{},"end":{}}],"line":11},"2":{"loc":{"start":{"line":22,"column":13},"end":{"line":22,"column":46}},"type":"cond-expr","locations":[{"start":{"line":22,"column":21},"end":{"line":22,"column":34}},{"start":{"line":22,"column":37},"end":{"line":22,"column":46}}],"line":22},"3":{"loc":{"start":{"line":23,"column":12},"end":{"line":23,"column":43}},"type":"cond-expr","locations":[{"start":{"line":23,"column":19},"end":{"line":23,"column":31}},{"start":{"line":23,"column":34},"end":{"line":23,"column":43}}],"line":23},"4":{"loc":{"start":{"line":24,"column":14},"end":{"line":24,"column":79}},"type":"cond-expr","locations":[{"start":{"line":24,"column":34},"end":{"line":24,"column":38}},{"start":{"line":24,"column":41},"end":{"line":24,"column":79}}],"line":24},"5":{"loc":{"start":{"line":24,"column":41},"end":{"line":24,"column":79}},"type":"cond-expr","locations":[{"start":{"line":24,"column":62},"end":{"line":24,"column":67}},{"start":{"line":24,"column":70},"end":{"line":24,"column":79}}],"line":24},"6":{"loc":{"start":{"line":36,"column":4},"end":{"line":36,"column":73}},"type":"if","locations":[{"start":{"line":36,"column":4},"end":{"line":36,"column":73}},{"start":{},"end":{}}],"line":36},"7":{"loc":{"start":{"line":45,"column":2},"end":{"line":45,"column":69}},"type":"if","locations":[{"start":{"line":45,"column":2},"end":{"line":45,"column":69}},{"start":{},"end":{}}],"line":45},"8":{"loc":{"start":{"line":48,"column":4},"end":{"line":48,"column":73}},"type":"if","locations":[{"start":{"line":48,"column":4},"end":{"line":48,"column":73}},{"start":{},"end":{}}],"line":48},"9":{"loc":{"start":{"line":51,"column":4},"end":{"line":53,"column":5}},"type":"if","locations":[{"start":{"line":51,"column":4},"end":{"line":53,"column":5}},{"start":{},"end":{}}],"line":51},"10":{"loc":{"start":{"line":61,"column":4},"end":{"line":61,"column":73}},"type":"if","locations":[{"start":{"line":61,"column":4},"end":{"line":61,"column":73}},{"start":{},"end":{}}],"line":61}},"s":{"0":7,"1":7,"2":0,"3":0,"4":0,"5":0,"6":0,"7":0,"8":0,"9":0,"10":0,"11":0,"12":0,"13":0,"14":0,"15":0,"16":0,"17":0,"18":0,"19":0,"20":0,"21":0,"22":0,"23":0,"24":0,"25":0,"26":0,"27":0,"28":0,"29":0,"30":0,"31":0,"32":0,"33":0,"34":0,"35":0,"36":0,"37":0,"38":0,"39":7},"f":{"0":0,"1":0,"2":0,"3":0,"4":0},"b":{"0":[0,0],"1":[0,0],"2":[0,0],"3":[0,0],"4":[0,0],"5":[0,0],"6":[0,0],"7":[0,0],"8":[0,0],"9":[0,0],"10":[0,0]},"_coverageSchema":"1a1c01bbd47fc00a2c39e90264f33305004495a9","hash":"547fb0c76833df327755e960525d696ff3350f7d"}
,"D:\\KPT-Website\\backend\\modules\\users\\user.model.js": {"path":"D:\\KPT-Website\\backend\\modules\\users\\user.model.js","statementMap":{"0":{"start":{"line":1,"column":17},"end":{"line":1,"column":36}},"1":{"start":{"line":2,"column":19},"end":{"line":2,"column":27}},"2":{"start":{"line":4,"column":19},"end":{"line":40,"column":2}},"3":{"start":{"line":43,"column":0},"end":{"line":43,"column":31}},"4":{"start":{"line":46,"column":0},"end":{"line":50,"column":2}},"5":{"start":{"line":47,"column":21},"end":{"line":47,"column":36}},"6":{"start":{"line":48,"column":2},"end":{"line":48,"column":29}},"7":{"start":{"line":49,"column":2},"end":{"line":49,"column":20}},"8":{"start":{"line":52,"column":0},"end":{"line":52,"column":52}}},"fnMap":{"0":{"name":"(anonymous_0)","decl":{"start":{"line":46,"column":28},"end":{"line":46,"column":29}},"loc":{"start":{"line":46,"column":39},"end":{"line":50,"column":1}},"line":46}},"branchMap":{},"s":{"0":7,"1":7,"2":7,"3":7,"4":7,"5":0,"6":0,"7":0,"8":7},"f":{"0":0},"b":{},"_coverageSchema":"1a1c01bbd47fc00a2c39e90264f33305004495a9","hash":"1fb220c02196f4438466e4f6de3abdc461de5541"}
,"D:\\KPT-Website\\backend\\modules\\users\\user.routes.js": {"path":"D:\\KPT-Website\\backend\\modules\\users\\user.routes.js","statementMap":{"0":{"start":{"line":1,"column":16},"end":{"line":1,"column":34}},"1":{"start":{"line":2,"column":15},"end":{"line":2,"column":31}},"2":{"start":{"line":3,"column":13},"end":{"line":3,"column":57}},"3":{"start":{"line":4,"column":20},"end":{"line":4,"column":64}},"4":{"start":{"line":5,"column":19},"end":{"line":5,"column":47}},"5":{"start":{"line":7,"column":0},"end":{"line":7,"column":61}},"6":{"start":{"line":8,"column":0},"end":{"line":8,"column":64}},"7":{"start":{"line":9,"column":0},"end":{"line":9,"column":67}},"8":{"start":{"line":10,"column":0},"end":{"line":10,"column":66}},"9":{"start":{"line":11,"column":0},"end":{"line":11,"column":74}},"10":{"start":{"line":13,"column":0},"end":{"line":13,"column":24}}},"fnMap":{},"branchMap":{},"s":{"0":7,"1":7,"2":7,"3":7,"4":7,"5":7,"6":7,"7":7,"8":7,"9":7,"10":7},"f":{},"b":{},"_coverageSchema":"1a1c01bbd47fc00a2c39e90264f33305004495a9","hash":"f41014438d00eb1e56ee6a37a2cc6a47727fe87b"}
,"D:\\KPT-Website\\backend\\modules\\users\\user.service.js": {"path":"D:\\KPT-Website\\backend\\modules\\users\\user.service.js","statementMap":{"0":{"start":{"line":1,"column":13},"end":{"line":1,"column":36}},"1":{"start":{"line":2,"column":15},"end":{"line":2,"column":32}},"2":{"start":{"line":5,"column":2},"end":{"line":7,"column":3}},"3":{"start":{"line":6,"column":4},"end":{"line":6,"column":63}},"4":{"start":{"line":8,"column":15},"end":{"line":8,"column":32}},"5":{"start":{"line":9,"column":2},"end":{"line":9,"column":21}},"6":{"start":{"line":13,"column":17},"end":{"line":13,"column":19}},"7":{"start":{"line":14,"column":2},"end":{"line":14,"column":60}},"8":{"start":{"line":14,"column":35},"end":{"line":14,"column":60}},"9":{"start":{"line":15,"column":2},"end":{"line":19,"column":4}},"10":{"start":{"line":15,"column":9},"end":{"line":19,"column":4}},"11":{"start":{"line":20,"column":2},"end":{"line":20,"column":75}},"12":{"start":{"line":24,"column":2},"end":{"line":24,"column":27}},"13":{"start":{"line":28,"column":2},"end":{"line":30,"column":3}},"14":{"start":{"line":29,"column":4},"end":{"line":29,"column":63}},"15":{"start":{"line":31,"column":2},"end":{"line":31,"column":60}},"16":{"start":{"line":35,"column":2},"end":{"line":35,"column":36}},"17":{"start":{"line":38,"column":0},"end":{"line":38,"column":76}}},"fnMap":{"0":{"name":"createUser","decl":{"start":{"line":4,"column":15},"end":{"line":4,"column":25}},"loc":{"start":{"line":4,"column":35},"end":{"line":10,"column":1}},"line":4},"1":{"name":"listUsers","decl":{"start":{"line":12,"column":15},"end":{"line":12,"column":24}},"loc":{"start":{"line":12,"column":67},"end":{"line":21,"column":1}},"line":12},"2":{"name":"getUser","decl":{"start":{"line":23,"column":15},"end":{"line":23,"column":22}},"loc":{"start":{"line":23,"column":27},"end":{"line":25,"column":1}},"line":23},"3":{"name":"updateUser","decl":{"start":{"line":27,"column":15},"end":{"line":27,"column":25}},"loc":{"start":{"line":27,"column":39},"end":{"line":32,"column":1}},"line":27},"4":{"name":"deleteUser","decl":{"start":{"line":34,"column":15},"end":{"line":34,"column":25}},"loc":{"start":{"line":34,"column":30},"end":{"line":36,"column":1}},"line":34}},"branchMap":{"0":{"loc":{"start":{"line":5,"column":2},"end":{"line":7,"column":3}},"type":"if","locations":[{"start":{"line":5,"column":2},"end":{"line":7,"column":3}},{"start":{},"end":{}}],"line":5},"1":{"loc":{"start":{"line":12,"column":25},"end":{"line":12,"column":65}},"type":"default-arg","locations":[{"start":{"line":12,"column":63},"end":{"line":12,"column":65}}],"line":12},"2":{"loc":{"start":{"line":12,"column":27},"end":{"line":12,"column":37}},"type":"default-arg","locations":[{"start":{"line":12,"column":35},"end":{"line":12,"column":37}}],"line":12},"3":{"loc":{"start":{"line":12,"column":39},"end":{"line":12,"column":47}},"type":"default-arg","locations":[{"start":{"line":12,"column":46},"end":{"line":12,"column":47}}],"line":12},"4":{"loc":{"start":{"line":14,"column":2},"end":{"line":14,"column":60}},"type":"if","locations":[{"start":{"line":14,"column":2},"end":{"line":14,"column":60}},{"start":{},"end":{}}],"line":14},"5":{"loc":{"start":{"line":15,"column":2},"end":{"line":19,"column":4}},"type":"if","locations":[{"start":{"line":15,"column":2},"end":{"line":19,"column":4}},{"start":{},"end":{}}],"line":15},"6":{"loc":{"start":{"line":28,"column":2},"end":{"line":30,"column":3}},"type":"if","locations":[{"start":{"line":28,"column":2},"end":{"line":30,"column":3}},{"start":{},"end":{}}],"line":28}},"s":{"0":7,"1":7,"2":0,"3":0,"4":0,"5":0,"6":0,"7":0,"8":0,"9":0,"10":0,"11":0,"12":0,"13":0,"14":0,"15":0,"16":0,"17":7},"f":{"0":0,"1":0,"2":0,"3":0,"4":0},"b":{"0":[0,0],"1":[0],"2":[0],"3":[0],"4":[0,0],"5":[0,0],"6":[0,0]},"_coverageSchema":"1a1c01bbd47fc00a2c39e90264f33305004495a9","hash":"199029daff77a80fbeee1a6afc56064da56ba1b0"}
,"D:\\KPT-Website\\backend\\modules\\users\\user.validation.js": {"path":"D:\\KPT-Website\\backend\\modules\\users\\user.validation.js","statementMap":{"0":{"start":{"line":1,"column":12},"end":{"line":1,"column":26}},"1":{"start":{"line":3,"column":21},"end":{"line":10,"column":2}},"2":{"start":{"line":12,"column":21},"end":{"line":19,"column":2}},"3":{"start":{"line":21,"column":0},"end":{"line":21,"column":48}}},"fnMap":{},"branchMap":{},"s":{"0":7,"1":7,"2":7,"3":7},"f":{},"b":{},"_coverageSchema":"1a1c01bbd47fc00a2c39e90264f33305004495a9","hash":"8374d1b13eabddc300b72ca87fe5fe601e73b4dd"}
,"D:\\KPT-Website\\backend\\routes\\me.routes.js": {"path":"D:\\KPT-Website\\backend\\routes\\me.routes.js","statementMap":{"0":{"start":{"line":1,"column":16},"end":{"line":1,"column":34}},"1":{"start":{"line":2,"column":15},"end":{"line":2,"column":31}},"2":{"start":{"line":3,"column":13},"end":{"line":3,"column":54}},"3":{"start":{"line":6,"column":0},"end":{"line":16,"column":3}},"4":{"start":{"line":8,"column":19},"end":{"line":14,"column":3}},"5":{"start":{"line":15,"column":2},"end":{"line":15,"column":21}},"6":{"start":{"line":18,"column":0},"end":{"line":18,"column":24}}},"fnMap":{"0":{"name":"(anonymous_0)","decl":{"start":{"line":6,"column":24},"end":{"line":6,"column":25}},"loc":{"start":{"line":6,"column":38},"end":{"line":16,"column":1}},"line":6}},"branchMap":{},"s":{"0":7,"1":7,"2":7,"3":7,"4":1,"5":1,"6":7},"f":{"0":1},"b":{},"_coverageSchema":"1a1c01bbd47fc00a2c39e90264f33305004495a9","hash":"becd048f3a6744354e45c1dd360b9a6f30bd07e3"}
,"D:\\KPT-Website\\backend\\utils\\slugify.js": {"path":"D:\\KPT-Website\\backend\\utils\\slugify.js","statementMap":{"0":{"start":{"line":1,"column":16},"end":{"line":7,"column":1}},"1":{"start":{"line":2,"column":2},"end":{"line":6,"column":29}},"2":{"start":{"line":9,"column":0},"end":{"line":9,"column":25}}},"fnMap":{"0":{"name":"(anonymous_0)","decl":{"start":{"line":1,"column":16},"end":{"line":1,"column":17}},"loc":{"start":{"line":1,"column":30},"end":{"line":7,"column":1}},"line":1}},"branchMap":{"0":{"loc":{"start":{"line":1,"column":17},"end":{"line":1,"column":25}},"type":"default-arg","locations":[{"start":{"line":1,"column":23},"end":{"line":1,"column":25}}],"line":1}},"s":{"0":4,"1":0,"2":4},"f":{"0":0},"b":{"0":[0]},"_coverageSchema":"1a1c01bbd47fc00a2c39e90264f33305004495a9","hash":"c0f779e80b5d2dd9d019d82ca442008bba916261"}
}
