TN:
SF:config\cloudinary.js
FN:8,configure
FN:33,upload
FN:34,(anonymous_2)
FN:35,(anonymous_3)
FN:47,uploadStream
FN:48,(anonymous_5)
FN:49,(anonymous_6)
FN:69,destroy
FN:70,(anonymous_8)
FN:71,(anonymous_9)
FN:78,isConfigured
FNF:11
FNH:0
FNDA:0,configure
FNDA:0,upload
FNDA:0,(anonymous_2)
FNDA:0,(anonymous_3)
FNDA:0,uploadStream
FNDA:0,(anonymous_5)
FNDA:0,(anonymous_6)
FNDA:0,destroy
FNDA:0,(anonymous_8)
FNDA:0,(anonymous_9)
FNDA:0,isConfigured
DA:1,6
DA:2,6
DA:9,0
DA:11,0
DA:12,0
DA:13,0
DA:16,0
DA:17,0
DA:20,0
DA:26,0
DA:34,0
DA:35,0
DA:36,0
DA:37,0
DA:48,0
DA:49,0
DA:50,0
DA:51,0
DA:55,0
DA:56,0
DA:57,0
DA:58,0
DA:59,0
DA:61,0
DA:70,0
DA:71,0
DA:72,0
DA:73,0
DA:79,0
DA:80,0
DA:83,6
LF:31
LH:3
BRDA:11,0,0,0
BRDA:11,0,1,0
BRDA:16,1,0,0
BRDA:16,1,1,0
BRDA:16,2,0,0
BRDA:16,2,1,0
BRDA:16,2,2,0
BRDA:33,3,0,0
BRDA:36,4,0,0
BRDA:36,4,1,0
BRDA:47,5,0,0
BRDA:50,6,0,0
BRDA:50,6,1,0
BRDA:55,7,0,0
BRDA:55,7,1,0
BRDA:58,8,0,0
BRDA:58,8,1,0
BRDA:58,9,0,0
BRDA:58,9,1,0
BRDA:69,10,0,0
BRDA:72,11,0,0
BRDA:72,11,1,0
BRDA:79,12,0,0
BRDA:79,12,1,0
BRF:24
BRH:0
end_of_record
TN:
SF:config\logger.js
FNF:0
FNH:0
DA:1,2
DA:2,2
DA:5,2
DA:12,2
DA:32,2
DA:33,2
DA:41,2
LF:7
LH:7
BRDA:32,0,0,2
BRDA:32,0,1,0
BRF:2
BRH:1
end_of_record
TN:
SF:loaders\mongooseLoader.js
FN:7,mongooseLoader
FN:12,(anonymous_1)
FN:18,(anonymous_2)
FN:22,(anonymous_3)
FN:26,(anonymous_4)
FN:30,(anonymous_5)
FN:35,(anonymous_6)
FNF:7
FNH:1
FNDA:2,mongooseLoader
FNDA:0,(anonymous_1)
FNDA:0,(anonymous_2)
FNDA:0,(anonymous_3)
FNDA:0,(anonymous_4)
FNDA:0,(anonymous_5)
FNDA:0,(anonymous_6)
DA:1,2
DA:2,2
DA:3,2
DA:4,2
DA:7,2
DA:8,2
DA:18,0
DA:19,0
DA:22,0
DA:23,0
DA:26,0
DA:27,0
DA:30,0
DA:31,0
DA:35,0
DA:36,0
DA:37,0
DA:38,0
LF:18
LH:6
BRDA:9,0,0,2
BRDA:9,0,1,1
BRDA:10,1,0,2
BRDA:10,1,1,1
BRF:4
BRH:4
end_of_record
TN:
SF:middlewares\analytics.middleware.js
FN:4,trackPageView
FN:29,trackUserActivity
FNF:2
FNH:2
FNDA:30,trackPageView
FNDA:30,trackUserActivity
DA:1,7
DA:2,7
DA:6,30
DA:7,0
DA:8,0
DA:21,0
DA:23,0
DA:26,30
DA:31,30
DA:32,0
DA:33,0
DA:46,0
DA:48,0
DA:51,30
DA:54,7
LF:15
LH:7
BRDA:6,0,0,0
BRDA:6,0,1,30
BRDA:6,1,0,30
BRDA:6,1,1,4
BRDA:6,1,2,0
BRDA:15,2,0,0
BRDA:15,2,1,0
BRDA:16,3,0,0
BRDA:16,3,1,0
BRDA:31,4,0,0
BRDA:31,4,1,30
BRDA:41,5,0,0
BRDA:41,5,1,0
BRF:13
BRH:4
end_of_record
TN:
SF:middlewares\audit.middleware.js
FN:3,auditMiddleware
FN:4,(anonymous_1)
FN:10,(anonymous_2)
FN:16,(anonymous_3)
FN:26,(anonymous_4)
FNF:5
FNH:5
FNDA:133,auditMiddleware
FNDA:13,(anonymous_1)
FNDA:12,(anonymous_2)
FNDA:13,(anonymous_3)
FNDA:40,(anonymous_4)
DA:1,7
DA:4,133
DA:6,13
DA:10,13
DA:11,12
DA:12,12
DA:16,13
DA:17,13
DA:18,13
DA:20,13
DA:21,13
DA:22,13
DA:25,13
DA:26,40
DA:27,13
DA:29,13
DA:31,11
DA:32,3
DA:34,3
DA:35,3
DA:36,3
DA:37,3
DA:41,8
DA:43,11
DA:46,1
DA:47,1
DA:49,1
DA:50,1
DA:52,0
DA:56,13
DA:71,13
DA:72,0
DA:73,0
DA:76,13
DA:78,3
DA:82,13
DA:86,7
LF:37
LH:34
BRDA:3,0,0,0
BRDA:18,1,0,0
BRDA:18,1,1,13
BRDA:20,2,0,13
BRDA:20,2,1,0
BRDA:20,2,2,0
BRDA:21,3,0,13
BRDA:21,3,1,13
BRDA:22,4,0,13
BRDA:22,4,1,9
BRDA:22,4,2,9
BRDA:25,5,0,13
BRDA:25,5,1,0
BRDA:29,6,0,11
BRDA:29,6,1,1
BRDA:29,6,2,1
BRDA:29,6,3,1
BRDA:29,6,4,0
BRDA:31,7,0,3
BRDA:31,7,1,8
BRDA:31,8,0,11
BRDA:31,8,1,8
BRDA:34,9,0,3
BRDA:34,9,1,0
BRDA:34,10,0,3
BRDA:34,10,1,3
BRDA:37,11,0,0
BRDA:37,11,1,3
BRDA:37,12,0,3
BRDA:37,12,1,3
BRDA:71,13,0,0
BRDA:71,13,1,13
BRDA:71,14,0,13
BRDA:71,14,1,1
BRDA:71,14,2,0
BRF:35
BRH:25
end_of_record
TN:
SF:middlewares\auth.middleware.js
FN:13,getKey
FN:15,(anonymous_1)
FN:22,authMiddleware
FN:33,(anonymous_3)
FN:34,(anonymous_4)
FN:46,(anonymous_5)
FNF:6
FNH:4
FNDA:0,getKey
FNDA:0,(anonymous_1)
FNDA:28,authMiddleware
FNDA:22,(anonymous_3)
FNDA:22,(anonymous_4)
FNDA:22,(anonymous_5)
DA:1,7
DA:2,7
DA:3,7
DA:5,7
DA:6,7
DA:14,0
DA:15,0
DA:16,0
DA:17,0
DA:18,0
DA:22,7
DA:23,28
DA:24,28
DA:26,22
DA:27,22
DA:29,22
DA:31,22
DA:33,22
DA:34,22
DA:35,22
DA:36,22
DA:40,22
DA:41,22
DA:43,22
DA:45,22
DA:46,22
DA:47,22
DA:49,22
DA:50,22
DA:52,22
DA:65,22
DA:67,0
DA:68,0
LF:33
LH:26
BRDA:5,0,0,7
BRDA:5,0,1,7
BRDA:14,1,0,0
BRDA:14,1,1,0
BRDA:14,2,0,0
BRDA:14,2,1,0
BRDA:16,3,0,0
BRDA:16,3,1,0
BRDA:23,4,0,28
BRDA:23,4,1,6
BRDA:24,5,0,6
BRDA:24,5,1,22
BRDA:27,6,0,0
BRDA:27,6,1,22
BRDA:27,7,0,22
BRDA:27,7,1,22
BRDA:35,8,0,0
BRDA:35,8,1,22
BRDA:40,9,0,22
BRDA:40,9,1,22
BRDA:41,10,0,0
BRDA:41,10,1,22
BRDA:45,11,0,22
BRDA:45,11,1,22
BRDA:45,11,2,0
BRDA:46,12,0,22
BRDA:46,12,1,0
BRDA:47,13,0,22
BRDA:47,13,1,0
BRDA:49,14,0,22
BRDA:49,14,1,22
BRDA:49,14,2,22
BRDA:50,15,0,22
BRDA:50,15,1,0
BRDA:54,16,0,22
BRDA:54,16,1,22
BRDA:54,16,2,22
BRDA:54,16,3,0
BRDA:55,17,0,22
BRDA:55,17,1,13
BRDA:56,18,0,22
BRDA:56,18,1,13
BRDA:67,19,0,0
BRDA:67,19,1,0
BRDA:67,20,0,0
BRDA:67,20,1,0
BRF:46
BRH:28
end_of_record
TN:
SF:middlewares\error.middleware.js
FN:1,errorHandler
FNF:1
FNH:1
FNDA:6,errorHandler
DA:1,7
DA:3,6
DA:6,6
DA:7,6
DA:10,6
DA:11,6
DA:13,0
DA:16,6
LF:8
LH:7
BRDA:3,0,0,0
BRDA:3,0,1,6
BRDA:6,1,0,0
BRDA:6,1,1,6
BRDA:6,2,0,6
BRDA:6,2,1,6
BRDA:7,3,0,6
BRDA:7,3,1,0
BRDA:7,4,0,6
BRDA:7,4,1,6
BRDA:10,5,0,6
BRDA:10,5,1,0
BRDA:11,6,0,6
BRDA:11,6,1,6
BRDA:11,6,2,0
BRF:15
BRH:10
end_of_record
TN:
SF:middlewares\role.middleware.js
FN:1,requireRole
FN:5,(anonymous_1)
FN:10,(anonymous_2)
FNF:3
FNH:3
FNDA:259,requireRole
FNDA:21,(anonymous_1)
FNDA:21,(anonymous_2)
DA:1,7
DA:2,259
DA:3,259
DA:5,259
DA:7,21
DA:9,21
DA:10,21
DA:12,21
DA:14,15
LF:9
LH:9
BRDA:2,0,0,0
BRDA:2,0,1,259
BRDA:7,1,0,0
BRDA:7,1,1,21
BRDA:9,2,0,21
BRDA:9,2,1,0
BRDA:10,3,0,21
BRDA:10,3,1,0
BRDA:12,4,0,6
BRDA:12,4,1,15
BRF:10
BRH:6
end_of_record
TN:
SF:modules\activity-log\activity.controller.js
FN:4,list
FNF:1
FNH:0
FNDA:0,list
DA:1,7
DA:2,7
DA:5,0
DA:6,0
DA:8,0
DA:9,0
DA:10,0
DA:11,0
DA:13,0
DA:14,0
DA:17,7
LF:11
LH:3
BRDA:6,0,0,0
BRDA:6,0,1,0
BRDA:9,1,0,0
BRDA:9,1,1,0
BRDA:10,2,0,0
BRDA:10,2,1,0
BRDA:11,3,0,0
BRDA:11,3,1,0
BRDA:13,4,0,0
BRDA:13,4,1,0
BRF:10
BRH:0
end_of_record
TN:
SF:modules\activity-log\activity.model.js
FNF:0
FNH:0
DA:1,7
DA:2,7
DA:4,7
DA:15,7
LF:4
LH:4
BRF:0
BRH:0
end_of_record
TN:
SF:modules\activity-log\activity.routes.js
FNF:0
FNH:0
DA:1,7
DA:2,7
DA:3,7
DA:4,7
DA:5,7
DA:8,7
DA:10,7
LF:7
LH:7
BRF:0
BRH:0
end_of_record
TN:
SF:modules\activity-log\activity.service.js
FN:3,createActivity
FN:8,listActivities
FNF:2
FNH:1
FNDA:13,createActivity
FNDA:0,listActivities
DA:1,7
DA:4,13
DA:5,13
DA:9,0
DA:10,0
DA:11,0
DA:12,0
DA:15,7
LF:8
LH:4
BRDA:8,0,0,0
BRDA:8,1,0,0
BRDA:10,2,0,0
BRDA:10,2,1,0
BRDA:11,3,0,0
BRDA:11,3,1,0
BRF:6
BRH:0
end_of_record
TN:
SF:modules\activity-log\activity.validation.js
FNF:0
FNH:0
DA:1,7
DA:4,7
DA:11,7
LF:3
LH:3
BRF:0
BRH:0
end_of_record
TN:
SF:modules\analytics\analytics.controller.js
FN:4,create
FN:11,list
FN:18,getById
FN:24,getPageViews
FN:31,getUserActivity
FN:38,getGeneral
FNF:6
FNH:0
FNDA:0,create
FNDA:0,list
FNDA:0,getById
FNDA:0,getPageViews
FNDA:0,getUserActivity
FNDA:0,getGeneral
DA:1,7
DA:2,7
DA:5,0
DA:6,0
DA:7,0
DA:8,0
DA:12,0
DA:13,0
DA:14,0
DA:15,0
DA:19,0
DA:20,0
DA:21,0
DA:25,0
DA:26,0
DA:27,0
DA:28,0
DA:32,0
DA:33,0
DA:34,0
DA:35,0
DA:39,0
DA:40,0
DA:41,0
DA:42,0
DA:45,7
LF:26
LH:3
BRDA:6,0,0,0
BRDA:6,0,1,0
BRDA:13,1,0,0
BRDA:13,1,1,0
BRDA:20,2,0,0
BRDA:20,2,1,0
BRDA:26,3,0,0
BRDA:26,3,1,0
BRDA:33,4,0,0
BRDA:33,4,1,0
BRDA:40,5,0,0
BRDA:40,5,1,0
BRF:12
BRH:0
end_of_record
TN:
SF:modules\analytics\analytics.model.js
FNF:0
FNH:0
DA:1,7
DA:2,7
DA:4,7
DA:13,7
LF:4
LH:4
BRF:0
BRH:0
end_of_record
TN:
SF:modules\analytics\analytics.routes.js
FNF:0
FNH:0
DA:1,7
DA:2,7
DA:3,7
DA:4,7
DA:5,7
DA:7,7
DA:8,7
DA:9,7
DA:10,7
DA:11,7
DA:12,7
DA:14,7
LF:12
LH:12
BRF:0
BRH:0
end_of_record
TN:
SF:modules\analytics\analytics.service.js
FN:3,createAnalytics
FN:8,listAnalytics
FN:16,getAnalytics
FN:20,getPageViewsReport
FN:54,getUserActivityReport
FN:89,getGeneralReport
FNF:6
FNH:0
FNDA:0,createAnalytics
FNDA:0,listAnalytics
FNDA:0,getAnalytics
FNDA:0,getPageViewsReport
FNDA:0,getUserActivityReport
FNDA:0,getGeneralReport
DA:1,7
DA:4,0
DA:5,0
DA:9,0
DA:10,0
DA:11,0
DA:12,0
DA:13,0
DA:17,0
DA:21,0
DA:22,0
DA:23,0
DA:24,0
DA:25,0
DA:28,0
DA:32,0
DA:55,0
DA:56,0
DA:57,0
DA:58,0
DA:59,0
DA:60,0
DA:63,0
DA:67,0
DA:90,0
DA:91,0
DA:92,0
DA:93,0
DA:94,0
DA:97,0
DA:119,7
LF:31
LH:2
BRDA:8,0,0,0
BRDA:8,1,0,0
BRDA:8,2,0,0
BRDA:10,3,0,0
BRDA:10,3,1,0
BRDA:11,4,0,0
BRDA:11,4,1,0
BRDA:12,5,0,0
BRDA:12,5,1,0
BRDA:20,6,0,0
BRDA:20,7,0,0
BRDA:22,8,0,0
BRDA:22,8,1,0
BRDA:22,9,0,0
BRDA:22,9,1,0
BRDA:24,10,0,0
BRDA:24,10,1,0
BRDA:25,11,0,0
BRDA:25,11,1,0
BRDA:28,12,0,0
BRDA:28,12,1,0
BRDA:29,13,0,0
BRDA:29,13,1,0
BRDA:30,14,0,0
BRDA:30,14,1,0
BRDA:54,15,0,0
BRDA:54,16,0,0
BRDA:56,17,0,0
BRDA:56,17,1,0
BRDA:57,18,0,0
BRDA:57,18,1,0
BRDA:57,19,0,0
BRDA:57,19,1,0
BRDA:59,20,0,0
BRDA:59,20,1,0
BRDA:60,21,0,0
BRDA:60,21,1,0
BRDA:63,22,0,0
BRDA:63,22,1,0
BRDA:64,23,0,0
BRDA:64,23,1,0
BRDA:65,24,0,0
BRDA:65,24,1,0
BRDA:89,25,0,0
BRDA:91,26,0,0
BRDA:91,26,1,0
BRDA:91,27,0,0
BRDA:91,27,1,0
BRDA:93,28,0,0
BRDA:93,28,1,0
BRDA:94,29,0,0
BRDA:94,29,1,0
BRF:52
BRH:0
end_of_record
TN:
SF:modules\analytics\analytics.validation.js
FNF:0
FNH:0
DA:1,7
DA:3,7
DA:12,7
DA:20,7
DA:27,7
LF:5
LH:5
BRF:0
BRH:0
end_of_record
TN:
SF:modules\auth\auth.controller.js
FN:22,webhook
FN:41,list
FN:49,registerUser
FN:62,loginUser
FN:75,refreshUserToken
FN:88,logoutUser
FN:98,forgotUserPassword
FN:111,resetUserPassword
FNF:8
FNH:0
FNDA:0,webhook
FNDA:0,list
FNDA:0,registerUser
FNDA:0,loginUser
FNDA:0,refreshUserToken
FNDA:0,logoutUser
FNDA:0,forgotUserPassword
FNDA:0,resetUserPassword
DA:11,7
DA:20,7
DA:23,0
DA:24,0
DA:26,0
DA:27,0
DA:28,0
DA:30,0
DA:31,0
DA:33,0
DA:34,0
DA:36,0
DA:37,0
DA:42,0
DA:43,0
DA:45,0
DA:46,0
DA:50,0
DA:51,0
DA:52,0
DA:54,0
DA:55,0
DA:57,0
DA:58,0
DA:63,0
DA:64,0
DA:65,0
DA:67,0
DA:68,0
DA:70,0
DA:71,0
DA:76,0
DA:77,0
DA:78,0
DA:80,0
DA:81,0
DA:83,0
DA:84,0
DA:89,0
DA:90,0
DA:91,0
DA:93,0
DA:94,0
DA:99,0
DA:100,0
DA:101,0
DA:103,0
DA:104,0
DA:106,0
DA:107,0
DA:112,0
DA:113,0
DA:114,0
DA:116,0
DA:117,0
DA:119,0
DA:120,0
DA:124,7
LF:58
LH:3
BRDA:23,0,0,0
BRDA:23,0,1,0
BRDA:28,1,0,0
BRDA:28,1,1,0
BRDA:31,2,0,0
BRDA:31,2,1,0
BRDA:43,3,0,0
BRDA:43,3,1,0
BRDA:52,4,0,0
BRDA:52,4,1,0
BRDA:65,5,0,0
BRDA:65,5,1,0
BRDA:78,6,0,0
BRDA:78,6,1,0
BRDA:101,7,0,0
BRDA:101,7,1,0
BRDA:114,8,0,0
BRDA:114,8,1,0
BRF:18
BRH:0
end_of_record
TN:
SF:modules\auth\auth.model.js
FNF:0
FNH:0
DA:1,7
DA:2,7
DA:4,7
DA:10,7
LF:4
LH:4
BRF:0
BRH:0
end_of_record
TN:
SF:modules\auth\auth.routes.js
FNF:0
FNH:0
DA:1,7
DA:2,7
DA:3,7
DA:4,7
DA:7,7
DA:8,7
DA:11,7
DA:12,7
DA:13,7
DA:14,7
DA:15,7
DA:16,7
DA:18,7
LF:13
LH:13
BRF:0
BRH:0
end_of_record
TN:
SF:modules\auth\auth.service.js
FN:10,verifyWebhookSignature
FN:16,processWebhook
FN:42,listWebhooks
FN:47,hashPassword
FN:51,comparePassword
FN:55,generateAccessToken
FN:63,generateRefreshToken
FN:71,register
FN:111,login
FN:143,refreshToken
FN:164,logout
FN:170,forgotPassword
FN:191,resetPassword
FNF:13
FNH:0
FNDA:0,verifyWebhookSignature
FNDA:0,processWebhook
FNDA:0,listWebhooks
FNDA:0,hashPassword
FNDA:0,comparePassword
FNDA:0,generateAccessToken
FNDA:0,generateRefreshToken
FNDA:0,register
FNDA:0,login
FNDA:0,refreshToken
FNDA:0,logout
FNDA:0,forgotPassword
FNDA:0,resetPassword
DA:1,7
DA:2,7
DA:3,7
DA:4,7
DA:5,7
DA:7,7
DA:8,7
DA:11,0
DA:12,0
DA:13,0
DA:18,0
DA:19,0
DA:22,0
DA:25,0
DA:26,0
DA:29,0
DA:30,0
DA:33,0
DA:34,0
DA:36,0
DA:39,0
DA:43,0
DA:48,0
DA:52,0
DA:56,0
DA:64,0
DA:72,0
DA:75,0
DA:76,0
DA:77,0
DA:81,0
DA:84,0
DA:92,0
DA:95,0
DA:96,0
DA:98,0
DA:112,0
DA:115,0
DA:116,0
DA:117,0
DA:121,0
DA:122,0
DA:123,0
DA:127,0
DA:128,0
DA:130,0
DA:144,0
DA:145,0
DA:146,0
DA:148,0
DA:149,0
DA:152,0
DA:153,0
DA:155,0
DA:160,0
DA:167,0
DA:171,0
DA:172,0
DA:174,0
DA:178,0
DA:186,0
DA:188,0
DA:192,0
DA:193,0
DA:194,0
DA:196,0
DA:197,0
DA:200,0
DA:201,0
DA:202,0
DA:204,0
DA:206,0
DA:210,7
LF:73
LH:8
BRDA:8,0,0,7
BRDA:8,0,1,7
BRDA:11,1,0,0
BRDA:11,1,1,0
BRDA:22,2,0,0
BRDA:22,2,1,0
BRDA:22,2,2,0
BRDA:22,2,3,0
BRDA:42,3,0,0
BRDA:42,4,0,0
BRDA:42,5,0,0
BRDA:76,6,0,0
BRDA:76,6,1,0
BRDA:116,7,0,0
BRDA:116,7,1,0
BRDA:122,8,0,0
BRDA:122,8,1,0
BRDA:148,9,0,0
BRDA:148,9,1,0
BRDA:172,10,0,0
BRDA:172,10,1,0
BRDA:196,11,0,0
BRDA:196,11,1,0
BRF:23
BRH:2
end_of_record
TN:
SF:modules\auth\auth.validation.js
FNF:0
FNH:0
DA:1,7
DA:2,7
DA:4,7
DA:9,7
DA:11,7
DA:18,7
DA:23,7
DA:27,7
DA:31,7
DA:36,7
LF:10
LH:10
BRF:0
BRH:0
end_of_record
TN:
SF:modules\departments\department.controller.js
FN:4,create
FN:11,list
FN:17,getById
FN:23,getBySlug
FN:29,getFaculty
FN:34,update
FN:41,remove
FNF:7
FNH:2
FNDA:1,create
FNDA:1,list
FNDA:0,getById
FNDA:0,getBySlug
FNDA:0,getFaculty
FNDA:0,update
FNDA:0,remove
DA:1,7
DA:2,7
DA:5,1
DA:6,1
DA:7,1
DA:8,1
DA:12,1
DA:13,1
DA:14,1
DA:18,0
DA:19,0
DA:20,0
DA:24,0
DA:25,0
DA:26,0
DA:30,0
DA:31,0
DA:35,0
DA:36,0
DA:37,0
DA:38,0
DA:42,0
DA:43,0
DA:46,7
LF:24
LH:10
BRDA:6,0,0,0
BRDA:6,0,1,1
BRDA:13,1,0,0
BRDA:13,1,1,1
BRDA:13,2,0,0
BRDA:13,2,1,1
BRDA:13,3,0,0
BRDA:13,3,1,1
BRDA:13,4,0,0
BRDA:13,4,1,1
BRDA:19,5,0,0
BRDA:19,5,1,0
BRDA:25,6,0,0
BRDA:25,6,1,0
BRDA:36,7,0,0
BRDA:36,7,1,0
BRF:16
BRH:5
end_of_record
TN:
SF:modules\departments\department.model.js
FNF:0
FNH:0
DA:1,6
DA:2,6
DA:4,6
DA:9,6
DA:18,6
LF:5
LH:5
BRF:0
BRH:0
end_of_record
TN:
SF:modules\departments\department.routes.js
FNF:0
FNH:0
DA:1,7
DA:2,7
DA:3,7
DA:4,7
DA:5,7
DA:6,7
DA:8,7
DA:9,7
DA:10,7
DA:11,7
DA:12,7
DA:13,7
DA:14,7
DA:16,7
LF:14
LH:14
BRF:0
BRH:0
end_of_record
TN:
SF:modules\departments\department.service.js
FN:4,createDepartment
FN:9,listDepartments
FN:16,getDepartment
FN:20,getDepartmentBySlug
FN:24,updateDepartment
FN:28,getFaculty
FN:32,removeDepartment
FNF:7
FNH:0
FNDA:0,createDepartment
FNDA:0,listDepartments
FNDA:0,getDepartment
FNDA:0,getDepartmentBySlug
FNDA:0,updateDepartment
FNDA:0,getFaculty
FNDA:0,removeDepartment
DA:1,6
DA:2,6
DA:5,0
DA:6,0
DA:10,0
DA:11,0
DA:12,0
DA:13,0
DA:17,0
DA:21,0
DA:25,0
DA:29,0
DA:33,0
DA:36,6
LF:14
LH:3
BRDA:9,0,0,0
BRDA:9,1,0,0
BRDA:9,2,0,0
BRDA:11,3,0,0
BRDA:11,3,1,0
BRDA:12,4,0,0
BRDA:12,4,1,0
BRF:7
BRH:0
end_of_record
TN:
SF:modules\departments\department.validation.js
FNF:0
FNH:0
DA:1,7
DA:3,7
DA:5,7
DA:14,7
DA:23,7
LF:5
LH:5
BRF:0
BRH:0
end_of_record
TN:
SF:modules\home-sections\homeSection.controller.js
FN:11,create
FN:24,list
FN:37,listActive
FN:43,getById
FN:49,update
FN:63,remove
FNF:6
FNH:0
FNDA:0,create
FNDA:0,list
FNDA:0,listActive
FNDA:0,getById
FNDA:0,update
FNDA:0,remove
DA:8,7
DA:9,7
DA:12,0
DA:13,0
DA:14,0
DA:15,0
DA:16,0
DA:18,0
DA:19,0
DA:20,0
DA:25,0
DA:26,0
DA:34,0
DA:38,0
DA:39,0
DA:40,0
DA:44,0
DA:45,0
DA:46,0
DA:50,0
DA:51,0
DA:52,0
DA:53,0
DA:54,0
DA:55,0
DA:57,0
DA:58,0
DA:59,0
DA:64,0
DA:65,0
DA:66,0
DA:69,7
LF:32
LH:3
BRDA:13,0,0,0
BRDA:13,0,1,0
BRDA:18,1,0,0
BRDA:18,1,1,0
BRDA:18,2,0,0
BRDA:18,2,1,0
BRDA:19,3,0,0
BRDA:19,3,1,0
BRDA:19,4,0,0
BRDA:19,4,1,0
BRDA:27,5,0,0
BRDA:27,5,1,0
BRDA:28,6,0,0
BRDA:28,6,1,0
BRDA:29,7,0,0
BRDA:29,7,1,0
BRDA:29,8,0,0
BRDA:29,8,1,0
BRDA:45,9,0,0
BRDA:45,9,1,0
BRDA:51,10,0,0
BRDA:51,10,1,0
BRDA:54,11,0,0
BRDA:54,11,1,0
BRDA:57,12,0,0
BRDA:57,12,1,0
BRDA:57,13,0,0
BRDA:57,13,1,0
BRDA:58,14,0,0
BRDA:58,14,1,0
BRDA:58,15,0,0
BRDA:58,15,1,0
BRDA:65,16,0,0
BRDA:65,16,1,0
BRF:34
BRH:0
end_of_record
TN:
SF:modules\home-sections\homeSection.model.js
FNF:0
FNH:0
DA:1,7
DA:2,7
DA:4,7
DA:9,7
DA:17,7
DA:37,7
LF:6
LH:6
BRF:0
BRH:0
end_of_record
TN:
SF:modules\home-sections\homeSection.routes.js
FNF:0
FNH:0
DA:1,7
DA:2,7
DA:3,7
DA:4,7
DA:5,7
DA:6,7
DA:8,7
DA:9,7
DA:10,7
DA:11,7
DA:12,7
DA:13,7
DA:15,7
LF:13
LH:13
BRF:0
BRH:0
end_of_record
TN:
SF:modules\home-sections\homeSection.service.js
FN:3,createHomeSection
FN:8,listHomeSections
FN:22,getHomeSection
FN:26,updateHomeSection
FN:30,removeHomeSection
FN:34,getActiveHomeSections
FNF:6
FNH:0
FNDA:0,createHomeSection
FNDA:0,listHomeSections
FNDA:0,getHomeSection
FNDA:0,updateHomeSection
FNDA:0,removeHomeSection
FNDA:0,getActiveHomeSections
DA:1,7
DA:4,0
DA:5,0
DA:9,0
DA:10,0
DA:11,0
DA:12,0
DA:13,0
DA:15,0
DA:23,0
DA:27,0
DA:31,0
DA:35,0
DA:36,0
DA:38,0
DA:43,7
LF:16
LH:2
BRDA:8,0,0,0
BRDA:8,1,0,0
BRDA:8,2,0,0
BRDA:10,3,0,0
BRDA:10,3,1,0
BRDA:11,4,0,0
BRDA:11,4,1,0
BRDA:12,5,0,0
BRDA:12,5,1,0
BRDA:13,6,0,0
BRDA:13,6,1,0
BRDA:36,7,0,0
BRDA:36,7,1,0
BRF:13
BRH:0
end_of_record
TN:
SF:modules\home-sections\homeSection.validation.js
FNF:0
FNH:0
DA:1,7
DA:3,7
DA:8,7
DA:16,7
DA:58,7
DA:80,7
LF:6
LH:6
BRF:0
BRH:0
end_of_record
TN:
SF:modules\media\media.controller.js
FN:5,upload
FN:25,sign
FNF:2
FNH:2
FNDA:1,upload
FNDA:1,sign
DA:1,7
DA:2,7
DA:3,7
DA:6,1
DA:8,1
DA:9,1
DA:11,1
DA:12,1
DA:13,1
DA:14,1
DA:16,1
DA:17,1
DA:19,0
DA:20,0
DA:26,1
DA:27,1
DA:29,1
DA:30,1
DA:31,0
DA:32,0
DA:34,0
DA:35,0
DA:36,0
DA:39,0
DA:42,0
DA:44,1
DA:45,1
DA:49,7
LF:28
LH:19
BRDA:6,0,0,0
BRDA:6,0,1,1
BRDA:9,1,0,0
BRDA:9,1,1,1
BRDA:12,2,0,1
BRDA:12,2,1,0
BRDA:12,3,0,1
BRDA:12,3,1,1
BRDA:13,4,0,1
BRDA:13,4,1,1
BRDA:14,5,0,1
BRDA:14,5,1,1
BRDA:19,6,0,0
BRDA:19,6,1,0
BRDA:19,7,0,0
BRDA:19,7,1,0
BRDA:27,8,0,0
BRDA:27,8,1,1
BRDA:34,9,0,0
BRDA:34,9,1,0
BRDA:35,10,0,0
BRDA:35,10,1,0
BRDA:36,11,0,0
BRDA:36,11,1,0
BRDA:42,12,0,0
BRDA:42,12,1,0
BRDA:42,13,0,0
BRDA:42,13,1,0
BRDA:44,14,0,1
BRDA:44,14,1,0
BRDA:44,15,0,1
BRDA:44,15,1,1
BRF:32
BRH:13
end_of_record
TN:
SF:modules\media\media.model.js
FNF:0
FNH:0
DA:1,6
DA:2,6
DA:4,6
DA:19,6
LF:4
LH:4
BRF:0
BRH:0
end_of_record
TN:
SF:modules\media\media.routes.js
FNF:0
FNH:0
DA:1,7
DA:2,7
DA:3,7
DA:4,7
DA:5,7
DA:6,7
DA:9,7
DA:12,7
DA:14,7
LF:9
LH:9
BRF:0
BRH:0
end_of_record
TN:
SF:modules\media\media.service.js
FN:6,uploadFileToCloudinary
FN:12,createMediaFromUpload
FNF:2
FNH:0
FNDA:0,uploadFileToCloudinary
FNDA:0,createMediaFromUpload
DA:1,6
DA:2,6
DA:3,6
DA:4,6
DA:8,0
DA:9,0
DA:14,0
DA:15,0
DA:18,0
DA:19,0
DA:20,0
DA:21,0
DA:22,0
DA:23,0
DA:25,0
DA:37,0
DA:40,0
DA:41,0
DA:43,0
DA:46,6
LF:20
LH:5
BRDA:6,0,0,0
BRDA:12,1,0,0
BRDA:20,2,0,0
BRDA:20,2,1,0
BRDA:21,3,0,0
BRDA:21,3,1,0
BRDA:22,4,0,0
BRDA:22,4,1,0
BRDA:23,5,0,0
BRDA:23,5,1,0
BRF:10
BRH:0
end_of_record
TN:
SF:modules\media\media.upload.js
FN:6,(anonymous_0)
FN:7,(anonymous_1)
FNF:2
FNH:2
FNDA:1,(anonymous_0)
FNDA:1,(anonymous_1)
DA:1,7
DA:2,7
DA:5,7
DA:6,1
DA:7,1
DA:10,7
DA:12,7
LF:7
LH:7
BRF:0
BRH:0
end_of_record
TN:
SF:modules\media\media.validation.js
FN:6,(anonymous_0)
FNF:1
FNH:0
FNDA:0,(anonymous_0)
DA:1,7
DA:4,7
DA:7,0
DA:8,0
DA:9,0
DA:10,0
DA:11,0
DA:13,0
DA:14,0
DA:15,0
DA:18,0
DA:20,0
DA:26,7
DA:32,7
LF:14
LH:4
BRDA:7,0,0,0
BRDA:7,0,1,0
BRDA:10,1,0,0
BRDA:10,1,1,0
BRDA:14,2,0,0
BRDA:14,2,1,0
BRF:6
BRH:0
end_of_record
TN:
SF:modules\menu\menu.controller.js
FN:4,create
FN:17,list
FN:23,listByType
FN:30,getById
FN:36,update
FN:49,remove
FNF:6
FNH:2
FNDA:2,create
FNDA:1,list
FNDA:0,listByType
FNDA:0,getById
FNDA:0,update
FNDA:0,remove
DA:1,7
DA:2,7
DA:5,2
DA:6,2
DA:7,2
DA:8,2
DA:9,1
DA:11,1
DA:12,0
DA:13,0
DA:18,1
DA:19,1
DA:20,1
DA:24,0
DA:25,0
DA:26,0
DA:27,0
DA:31,0
DA:32,0
DA:33,0
DA:37,0
DA:38,0
DA:39,0
DA:40,0
DA:41,0
DA:43,0
DA:44,0
DA:45,0
DA:50,0
DA:51,0
DA:54,7
LF:31
LH:12
BRDA:6,0,0,0
BRDA:6,0,1,2
BRDA:11,1,0,1
BRDA:11,1,1,0
BRDA:11,2,0,1
BRDA:11,2,1,1
BRDA:12,3,0,0
BRDA:12,3,1,0
BRDA:12,4,0,0
BRDA:12,4,1,0
BRDA:19,5,0,0
BRDA:19,5,1,1
BRDA:19,6,0,0
BRDA:19,6,1,1
BRDA:19,7,0,0
BRDA:19,7,1,1
BRDA:19,8,0,0
BRDA:19,8,1,1
BRDA:26,9,0,0
BRDA:26,9,1,0
BRDA:26,10,0,0
BRDA:26,10,1,0
BRDA:26,11,0,0
BRDA:26,11,1,0
BRDA:26,12,0,0
BRDA:26,12,1,0
BRDA:32,13,0,0
BRDA:32,13,1,0
BRDA:38,14,0,0
BRDA:38,14,1,0
BRDA:43,15,0,0
BRDA:43,15,1,0
BRDA:43,16,0,0
BRDA:43,16,1,0
BRDA:44,17,0,0
BRDA:44,17,1,0
BRDA:44,18,0,0
BRDA:44,18,1,0
BRF:38
BRH:8
end_of_record
TN:
SF:modules\menu\menu.model.js
FNF:0
FNH:0
DA:1,6
DA:2,6
DA:4,6
DA:9,6
DA:16,6
DA:26,6
LF:6
LH:6
BRF:0
BRH:0
end_of_record
TN:
SF:modules\menu\menu.routes.js
FNF:0
FNH:0
DA:1,7
DA:2,7
DA:3,7
DA:4,7
DA:5,7
DA:6,7
DA:8,7
DA:9,7
DA:10,7
DA:11,7
DA:12,7
DA:13,7
DA:15,7
LF:13
LH:13
BRF:0
BRH:0
end_of_record
TN:
SF:modules\menu\menu.service.js
FN:3,createMenu
FN:18,listMenus
FN:27,getMenu
FN:31,updateMenu
FN:45,removeMenu
FNF:5
FNH:2
FNDA:1,createMenu
FNDA:0,listMenus
FNDA:0,getMenu
FNDA:1,updateMenu
FNDA:0,removeMenu
DA:1,7
DA:5,1
DA:6,1
DA:7,1
DA:8,1
DA:9,1
DA:10,1
DA:14,0
DA:15,0
DA:19,0
DA:20,0
DA:21,0
DA:22,0
DA:24,0
DA:28,0
DA:33,1
DA:34,1
DA:35,1
DA:36,1
DA:37,1
DA:38,1
DA:42,0
DA:46,0
DA:49,7
LF:24
LH:14
BRDA:5,0,0,1
BRDA:5,0,1,0
BRDA:5,1,0,1
BRDA:5,1,1,1
BRDA:7,2,0,1
BRDA:7,2,1,0
BRDA:18,3,0,0
BRDA:18,4,0,0
BRDA:18,5,0,0
BRDA:20,6,0,0
BRDA:20,6,1,0
BRDA:21,7,0,0
BRDA:21,7,1,0
BRDA:22,8,0,0
BRDA:22,8,1,0
BRDA:33,9,0,1
BRDA:33,9,1,0
BRDA:33,10,0,1
BRDA:33,10,1,1
BRDA:35,11,0,1
BRDA:35,11,1,0
BRDA:35,12,0,1
BRDA:35,12,1,1
BRF:23
BRH:10
end_of_record
TN:
SF:modules\menu\menu.validation.js
FNF:0
FNH:0
DA:1,7
DA:3,7
DA:5,7
DA:12,7
DA:22,7
DA:32,7
LF:6
LH:6
BRF:0
BRH:0
end_of_record
TN:
SF:modules\notifications\notification.controller.js
FN:4,list
FN:12,getById
FN:18,markRead
FNF:3
FNH:0
FNDA:0,list
FNDA:0,getById
FNDA:0,markRead
DA:1,7
DA:2,7
DA:5,0
DA:6,0
DA:8,0
DA:9,0
DA:13,0
DA:14,0
DA:15,0
DA:19,0
DA:20,0
DA:21,0
DA:24,7
LF:13
LH:3
BRDA:6,0,0,0
BRDA:6,0,1,0
BRDA:14,1,0,0
BRDA:14,1,1,0
BRDA:20,2,0,0
BRDA:20,2,1,0
BRF:6
BRH:0
end_of_record
TN:
SF:modules\notifications\notification.model.js
FNF:0
FNH:0
DA:1,7
DA:2,7
DA:4,7
DA:13,7
LF:4
LH:4
BRF:0
BRH:0
end_of_record
TN:
SF:modules\notifications\notification.routes.js
FNF:0
FNH:0
DA:1,7
DA:2,7
DA:3,7
DA:4,7
DA:6,7
DA:7,7
DA:8,7
DA:10,7
LF:8
LH:8
BRF:0
BRH:0
end_of_record
TN:
SF:modules\notifications\notification.service.js
FN:4,createNotification
FN:12,listNotifications
FN:18,markAsRead
FN:22,getNotification
FN:26,sendExternalNotification
FNF:5
FNH:0
FNDA:0,createNotification
FNDA:0,listNotifications
FNDA:0,markAsRead
FNDA:0,getNotification
FNDA:0,sendExternalNotification
DA:1,7
DA:2,7
DA:5,0
DA:6,0
DA:8,0
DA:9,0
DA:13,0
DA:14,0
DA:15,0
DA:19,0
DA:23,0
DA:28,0
DA:34,0
DA:37,0
DA:38,0
DA:45,0
DA:48,7
LF:17
LH:3
BRDA:12,0,0,0
BRDA:12,1,0,0
BRDA:12,2,0,0
BRDA:14,3,0,0
BRDA:14,3,1,0
BRF:5
BRH:0
end_of_record
TN:
SF:modules\notifications\notification.validation.js
FNF:0
FNH:0
DA:1,7
DA:3,7
DA:9,7
LF:3
LH:3
BRF:0
BRH:0
end_of_record
TN:
SF:modules\pages\page.controller.js
FN:4,create
FN:17,list
FN:25,get
FN:31,update
FN:44,publish
FN:54,unpublish
FN:64,schedule
FN:78,rollback
FN:90,remove
FNF:9
FNH:7
FNDA:3,create
FNDA:0,list
FNDA:0,get
FNDA:1,update
FNDA:2,publish
FNDA:1,unpublish
FNDA:1,schedule
FNDA:1,rollback
FNDA:1,remove
DA:1,7
DA:2,7
DA:5,3
DA:6,3
DA:7,3
DA:8,0
DA:9,0
DA:10,0
DA:12,0
DA:13,0
DA:18,0
DA:19,0
DA:20,0
DA:21,0
DA:22,0
DA:26,0
DA:27,0
DA:28,0
DA:32,1
DA:33,1
DA:34,1
DA:35,0
DA:36,0
DA:37,0
DA:39,0
DA:40,0
DA:45,2
DA:46,2
DA:47,2
DA:49,0
DA:50,0
DA:55,1
DA:56,1
DA:57,1
DA:59,0
DA:60,0
DA:65,1
DA:66,0
DA:67,0
DA:68,0
DA:69,0
DA:70,0
DA:71,0
DA:73,0
DA:74,0
DA:79,1
DA:80,0
DA:81,0
DA:82,0
DA:83,0
DA:85,0
DA:86,0
DA:91,1
DA:92,1
DA:93,1
DA:95,0
DA:96,0
DA:100,7
LF:58
LH:20
BRDA:6,0,0,0
BRDA:6,0,1,3
BRDA:7,1,0,3
BRDA:7,1,1,0
BRDA:7,2,0,3
BRDA:7,2,1,3
BRDA:19,3,0,0
BRDA:19,3,1,0
BRDA:20,4,0,0
BRDA:20,4,1,0
BRDA:21,5,0,0
BRDA:21,5,1,0
BRDA:27,6,0,0
BRDA:27,6,1,0
BRDA:33,7,0,0
BRDA:33,7,1,1
BRDA:34,8,0,1
BRDA:34,8,1,0
BRDA:34,9,0,1
BRDA:34,9,1,1
BRDA:46,10,0,2
BRDA:46,10,1,2
BRDA:56,11,0,1
BRDA:56,11,1,1
BRDA:66,12,0,0
BRDA:66,12,1,0
BRDA:69,13,0,0
BRDA:69,13,1,0
BRDA:70,14,0,0
BRDA:70,14,1,0
BRDA:80,15,0,0
BRDA:80,15,1,0
BRDA:82,16,0,0
BRDA:82,16,1,0
BRDA:86,17,0,0
BRDA:86,17,1,0
BRF:36
BRH:12
end_of_record
TN:
SF:modules\pages\page.model.js
FN:31,(anonymous_0)
FNF:1
FNH:0
FNDA:0,(anonymous_0)
DA:1,4
DA:2,4
DA:4,4
DA:9,4
DA:17,4
DA:31,4
DA:32,0
DA:33,0
DA:34,0
DA:35,0
DA:36,0
DA:44,0
DA:46,0
DA:48,0
DA:52,4
LF:15
LH:7
BRDA:35,0,0,0
BRDA:35,0,1,0
BRDA:40,1,0,0
BRDA:40,1,1,0
BRDA:41,2,0,0
BRDA:41,2,1,0
BRF:6
BRH:0
end_of_record
TN:
SF:modules\pages\page.routes.js
FNF:0
FNH:0
DA:1,7
DA:2,7
DA:3,7
DA:4,7
DA:5,7
DA:6,7
DA:8,7
DA:9,7
DA:11,7
DA:12,7
DA:14,7
DA:15,7
DA:16,7
DA:17,7
DA:20,7
DA:22,7
LF:16
LH:16
BRF:0
BRH:0
end_of_record
TN:
SF:modules\pages\page.service.js
FN:9,createPage
FN:62,getPageById
FN:66,listPages
FN:73,updatePage
FN:136,deletePage
FN:176,publishPage
FN:203,unpublishPage
FN:230,schedulePage
FN:250,rollbackPage
FNF:9
FNH:0
FNDA:0,createPage
FNDA:0,getPageById
FNDA:0,listPages
FNDA:0,updatePage
FNDA:0,deletePage
FNDA:0,publishPage
FNDA:0,unpublishPage
FNDA:0,schedulePage
FNDA:0,rollbackPage
DA:1,4
DA:3,4
DA:5,4
DA:6,4
DA:7,4
DA:11,0
DA:14,0
DA:15,0
DA:16,0
DA:17,0
DA:18,0
DA:21,0
DA:22,0
DA:25,0
DA:26,0
DA:27,0
DA:40,0
DA:44,0
DA:45,0
DA:56,0
DA:59,0
DA:63,0
DA:67,0
DA:68,0
DA:69,0
DA:70,0
DA:74,0
DA:75,0
DA:78,0
DA:79,0
DA:80,0
DA:93,0
DA:97,0
DA:98,0
DA:108,0
DA:112,0
DA:113,0
DA:115,0
DA:119,0
DA:120,0
DA:121,0
DA:130,0
DA:133,0
DA:137,0
DA:138,0
DA:141,0
DA:142,0
DA:143,0
DA:149,0
DA:152,0
DA:153,0
DA:163,0
DA:167,0
DA:168,0
DA:170,0
DA:173,0
DA:177,0
DA:178,0
DA:179,0
DA:180,0
DA:190,0
DA:194,0
DA:195,0
DA:197,0
DA:200,0
DA:204,0
DA:205,0
DA:206,0
DA:207,0
DA:217,0
DA:221,0
DA:222,0
DA:224,0
DA:227,0
DA:231,0
DA:232,0
DA:233,0
DA:234,0
DA:244,0
DA:246,0
DA:251,0
DA:252,0
DA:253,0
DA:255,0
DA:256,0
DA:258,0
DA:259,0
DA:262,0
DA:263,0
DA:264,0
DA:265,0
DA:267,0
DA:269,0
DA:270,0
DA:280,0
DA:283,0
DA:286,4
LF:97
LH:6
BRDA:11,0,0,0
BRDA:11,0,1,0
BRDA:11,1,0,0
BRDA:11,1,1,0
BRDA:11,2,0,0
BRDA:11,2,1,0
BRDA:11,3,0,0
BRDA:11,3,1,0
BRDA:40,4,0,0
BRDA:40,4,1,0
BRDA:40,5,0,0
BRDA:40,5,1,0
BRDA:46,6,0,0
BRDA:46,6,1,0
BRDA:47,7,0,0
BRDA:47,7,1,0
BRDA:56,8,0,0
BRDA:56,8,1,0
BRDA:56,9,0,0
BRDA:56,9,1,0
BRDA:66,10,0,0
BRDA:66,11,0,0
BRDA:68,12,0,0
BRDA:68,12,1,0
BRDA:69,13,0,0
BRDA:69,13,1,0
BRDA:73,14,0,0
BRDA:93,15,0,0
BRDA:93,15,1,0
BRDA:93,16,0,0
BRDA:93,16,1,0
BRDA:99,17,0,0
BRDA:99,17,1,0
BRDA:108,18,0,0
BRDA:108,18,1,0
BRDA:108,19,0,0
BRDA:108,19,1,0
BRDA:115,20,0,0
BRDA:115,20,1,0
BRDA:115,21,0,0
BRDA:115,21,1,0
BRDA:120,22,0,0
BRDA:120,22,1,0
BRDA:120,23,0,0
BRDA:120,23,1,0
BRDA:125,24,0,0
BRDA:125,24,1,0
BRDA:130,25,0,0
BRDA:130,25,1,0
BRDA:130,26,0,0
BRDA:130,26,1,0
BRDA:149,27,0,0
BRDA:149,27,1,0
BRDA:149,28,0,0
BRDA:149,28,1,0
BRDA:163,29,0,0
BRDA:163,29,1,0
BRDA:163,30,0,0
BRDA:163,30,1,0
BRDA:170,31,0,0
BRDA:170,31,1,0
BRDA:170,32,0,0
BRDA:170,32,1,0
BRDA:181,33,0,0
BRDA:181,33,1,0
BRDA:190,34,0,0
BRDA:190,34,1,0
BRDA:190,35,0,0
BRDA:190,35,1,0
BRDA:197,36,0,0
BRDA:197,36,1,0
BRDA:197,37,0,0
BRDA:197,37,1,0
BRDA:208,38,0,0
BRDA:208,38,1,0
BRDA:217,39,0,0
BRDA:217,39,1,0
BRDA:217,40,0,0
BRDA:217,40,1,0
BRDA:224,41,0,0
BRDA:224,41,1,0
BRDA:224,42,0,0
BRDA:224,42,1,0
BRDA:235,43,0,0
BRDA:235,43,1,0
BRDA:244,44,0,0
BRDA:244,44,1,0
BRDA:244,45,0,0
BRDA:244,45,1,0
BRDA:252,46,0,0
BRDA:252,46,1,0
BRDA:253,47,0,0
BRDA:253,47,1,0
BRDA:253,48,0,0
BRDA:253,48,1,0
BRDA:253,48,2,0
BRDA:271,49,0,0
BRDA:271,49,1,0
BRDA:280,50,0,0
BRDA:280,50,1,0
BRDA:280,51,0,0
BRDA:280,51,1,0
BRF:102
BRH:0
end_of_record
TN:
SF:modules\pages\page.validation.js
FNF:0
FNH:0
DA:1,7
DA:3,7
DA:8,7
DA:16,7
DA:27,7
LF:5
LH:5
BRF:0
BRH:0
end_of_record
TN:
SF:modules\users\user.controller.js
FN:4,create
FN:18,list
FN:33,getById
FN:43,update
FN:58,remove
FNF:5
FNH:0
FNDA:0,create
FNDA:0,list
FNDA:0,getById
FNDA:0,update
FNDA:0,remove
DA:1,7
DA:2,7
DA:5,0
DA:6,0
DA:7,0
DA:8,0
DA:9,0
DA:11,0
DA:12,0
DA:14,0
DA:19,0
DA:20,0
DA:21,0
DA:27,0
DA:29,0
DA:34,0
DA:35,0
DA:36,0
DA:37,0
DA:39,0
DA:44,0
DA:45,0
DA:46,0
DA:47,0
DA:48,0
DA:49,0
DA:51,0
DA:52,0
DA:54,0
DA:59,0
DA:60,0
DA:61,0
DA:62,0
DA:64,0
DA:68,7
LF:35
LH:3
BRDA:6,0,0,0
BRDA:6,0,1,0
BRDA:11,1,0,0
BRDA:11,1,1,0
BRDA:22,2,0,0
BRDA:22,2,1,0
BRDA:23,3,0,0
BRDA:23,3,1,0
BRDA:24,4,0,0
BRDA:24,4,1,0
BRDA:24,5,0,0
BRDA:24,5,1,0
BRDA:36,6,0,0
BRDA:36,6,1,0
BRDA:45,7,0,0
BRDA:45,7,1,0
BRDA:48,8,0,0
BRDA:48,8,1,0
BRDA:51,9,0,0
BRDA:51,9,1,0
BRDA:61,10,0,0
BRDA:61,10,1,0
BRF:22
BRH:0
end_of_record
TN:
SF:modules\users\user.model.js
FN:47,(anonymous_0)
FNF:1
FNH:0
FNDA:0,(anonymous_0)
DA:1,7
DA:2,7
DA:4,7
DA:44,7
DA:47,7
DA:48,0
DA:49,0
DA:50,0
DA:53,7
LF:9
LH:6
BRF:0
BRH:0
end_of_record
TN:
SF:modules\users\user.routes.js
FNF:0
FNH:0
DA:1,7
DA:2,7
DA:3,7
DA:4,7
DA:5,7
DA:6,7
DA:8,7
DA:9,7
DA:10,7
DA:11,7
DA:12,7
DA:14,7
LF:12
LH:12
BRF:0
BRH:0
end_of_record
TN:
SF:modules\users\user.service.js
FN:4,createUser
FN:12,listUsers
FN:23,getUser
FN:27,updateUser
FN:34,deleteUser
FNF:5
FNH:0
FNDA:0,createUser
FNDA:0,listUsers
FNDA:0,getUser
FNDA:0,updateUser
FNDA:0,deleteUser
DA:1,7
DA:2,7
DA:5,0
DA:6,0
DA:8,0
DA:9,0
DA:13,0
DA:14,0
DA:15,0
DA:20,0
DA:24,0
DA:28,0
DA:29,0
DA:31,0
DA:35,0
DA:38,7
LF:16
LH:3
BRDA:5,0,0,0
BRDA:5,0,1,0
BRDA:12,1,0,0
BRDA:12,2,0,0
BRDA:12,3,0,0
BRDA:14,4,0,0
BRDA:14,4,1,0
BRDA:15,5,0,0
BRDA:15,5,1,0
BRDA:28,6,0,0
BRDA:28,6,1,0
BRF:11
BRH:0
end_of_record
TN:
SF:modules\users\user.validation.js
FNF:0
FNH:0
DA:1,7
DA:2,7
DA:4,7
DA:14,7
DA:24,7
LF:5
LH:5
BRF:0
BRH:0
end_of_record
TN:
SF:modules\webhooks\webhook.controller.js
FN:4,receiveWebhook
FN:13,(anonymous_1)
FN:14,(anonymous_2)
FN:25,listWebhooks
FN:40,getWebhook
FNF:5
FNH:0
FNDA:0,receiveWebhook
FNDA:0,(anonymous_1)
FNDA:0,(anonymous_2)
FNDA:0,listWebhooks
FNDA:0,getWebhook
DA:1,7
DA:2,7
DA:5,0
DA:6,0
DA:7,0
DA:10,0
DA:13,0
DA:14,0
DA:18,0
DA:20,0
DA:21,0
DA:26,0
DA:27,0
DA:28,0
DA:34,0
DA:36,0
DA:41,0
DA:42,0
DA:43,0
DA:44,0
DA:46,0
DA:50,7
LF:22
LH:3
BRDA:7,0,0,0
BRDA:7,0,1,0
BRDA:29,1,0,0
BRDA:29,1,1,0
BRDA:30,2,0,0
BRDA:30,2,1,0
BRDA:32,3,0,0
BRDA:32,3,1,0
BRDA:32,4,0,0
BRDA:32,4,1,0
BRDA:43,5,0,0
BRDA:43,5,1,0
BRF:12
BRH:0
end_of_record
TN:
SF:modules\webhooks\webhook.model.js
FNF:0
FNH:0
DA:1,7
DA:2,7
DA:4,7
DA:14,7
LF:4
LH:4
BRF:0
BRH:0
end_of_record
TN:
SF:modules\webhooks\webhook.routes.js
FNF:0
FNH:0
DA:1,7
DA:2,7
DA:3,7
DA:4,7
DA:5,7
DA:8,7
DA:11,7
DA:12,7
DA:14,7
LF:9
LH:9
BRF:0
BRH:0
end_of_record
TN:
SF:modules\webhooks\webhook.service.js
FN:4,createWebhook
FN:14,processWebhook
FN:41,listWebhooks
FN:48,getWebhook
FNF:4
FNH:0
FNDA:0,createWebhook
FNDA:0,processWebhook
FNDA:0,listWebhooks
FNDA:0,getWebhook
DA:1,7
DA:2,7
DA:5,0
DA:11,0
DA:15,0
DA:16,0
DA:18,0
DA:20,0
DA:24,0
DA:25,0
DA:27,0
DA:31,0
DA:32,0
DA:33,0
DA:35,0
DA:36,0
DA:37,0
DA:42,0
DA:43,0
DA:44,0
DA:45,0
DA:49,0
DA:52,7
LF:23
LH:3
BRDA:16,0,0,0
BRDA:16,0,1,0
BRDA:16,1,0,0
BRDA:16,1,1,0
BRDA:20,2,0,0
BRDA:20,2,1,0
BRDA:20,3,0,0
BRDA:20,3,1,0
BRDA:25,4,0,0
BRDA:25,4,1,0
BRDA:25,5,0,0
BRDA:25,5,1,0
BRDA:41,6,0,0
BRDA:41,7,0,0
BRDA:41,8,0,0
BRDA:43,9,0,0
BRDA:43,9,1,0
BRDA:44,10,0,0
BRDA:44,10,1,0
BRF:19
BRH:0
end_of_record
TN:
SF:modules\webhooks\webhook.validation.js
FNF:0
FNH:0
DA:1,7
DA:3,7
DA:9,7
LF:3
LH:3
BRF:0
BRH:0
end_of_record
TN:
SF:modules\workflows\workflow.controller.js
FN:17,create
FN:26,list
FN:34,getById
FN:40,update
FN:49,remove
FN:54,execute
FN:67,createInstance
FN:79,getInstanceById
FN:85,listInstances
FN:91,approveInstance
FN:100,rejectInstance
FN:109,getMyPendingApprovals
FNF:12
FNH:0
FNDA:0,create
FNDA:0,list
FNDA:0,getById
FNDA:0,update
FNDA:0,remove
FNDA:0,execute
FNDA:0,createInstance
FNDA:0,getInstanceById
FNDA:0,listInstances
FNDA:0,approveInstance
FNDA:0,rejectInstance
FNDA:0,getMyPendingApprovals
DA:14,7
DA:15,7
DA:18,0
DA:19,0
DA:21,0
DA:22,0
DA:23,0
DA:27,0
DA:28,0
DA:30,0
DA:31,0
DA:35,0
DA:36,0
DA:37,0
DA:41,0
DA:42,0
DA:44,0
DA:45,0
DA:46,0
DA:50,0
DA:51,0
DA:55,0
DA:56,0
DA:58,0
DA:59,0
DA:60,0
DA:62,0
DA:68,0
DA:69,0
DA:71,0
DA:72,0
DA:73,0
DA:75,0
DA:80,0
DA:81,0
DA:82,0
DA:86,0
DA:87,0
DA:88,0
DA:92,0
DA:93,0
DA:94,0
DA:96,0
DA:101,0
DA:102,0
DA:103,0
DA:105,0
DA:110,0
DA:111,0
DA:114,7
LF:50
LH:3
BRDA:19,0,0,0
BRDA:19,0,1,0
BRDA:28,1,0,0
BRDA:28,1,1,0
BRDA:36,2,0,0
BRDA:36,2,1,0
BRDA:42,3,0,0
BRDA:42,3,1,0
BRDA:45,4,0,0
BRDA:45,4,1,0
BRDA:56,5,0,0
BRDA:56,5,1,0
BRDA:69,6,0,0
BRDA:69,6,1,0
BRDA:81,7,0,0
BRDA:81,7,1,0
BRF:16
BRH:0
end_of_record
TN:
SF:modules\workflows\workflow.engine.js
FN:2,(anonymous_0)
FN:8,(anonymous_1)
FN:24,(anonymous_2)
FN:51,(anonymous_3)
FN:59,(anonymous_4)
FN:82,(anonymous_5)
FN:83,(anonymous_6)
FN:84,(anonymous_7)
FN:104,(anonymous_8)
FN:112,(anonymous_9)
FNF:10
FNH:0
FNDA:0,(anonymous_0)
FNDA:0,(anonymous_1)
FNDA:0,(anonymous_2)
FNDA:0,(anonymous_3)
FNDA:0,(anonymous_4)
FNDA:0,(anonymous_5)
FNDA:0,(anonymous_6)
FNDA:0,(anonymous_7)
FNDA:0,(anonymous_8)
FNDA:0,(anonymous_9)
DA:3,0
DA:4,0
DA:9,0
DA:25,0
DA:26,0
DA:27,0
DA:30,0
DA:31,0
DA:35,0
DA:36,0
DA:43,0
DA:44,0
DA:47,0
DA:52,0
DA:54,0
DA:55,0
DA:59,0
DA:60,0
DA:61,0
DA:65,0
DA:73,0
DA:82,0
DA:83,0
DA:84,0
DA:86,0
DA:88,0
DA:89,0
DA:90,0
DA:92,0
DA:93,0
DA:94,0
DA:96,0
DA:100,0
DA:105,0
DA:106,0
DA:108,0
DA:113,0
DA:117,7
LF:38
LH:1
BRDA:4,0,0,0
BRDA:4,0,1,0
BRDA:8,1,0,0
BRDA:24,2,0,0
BRDA:26,3,0,0
BRDA:26,3,1,0
BRDA:30,4,0,0
BRDA:30,4,1,0
BRDA:43,5,0,0
BRDA:43,5,1,0
BRDA:52,6,0,0
BRDA:52,7,0,0
BRDA:54,8,0,0
BRDA:54,8,1,0
BRDA:59,9,0,0
BRDA:59,9,1,0
BRDA:60,10,0,0
BRDA:60,10,1,0
BRDA:86,11,0,0
BRDA:86,11,1,0
BRDA:90,12,0,0
BRDA:90,12,1,0
BRDA:93,13,0,0
BRDA:93,13,1,0
BRDA:105,14,0,0
BRDA:105,14,1,0
BRDA:113,15,0,0
BRDA:113,15,1,0
BRDA:113,15,2,0
BRF:29
BRH:0
end_of_record
TN:
SF:modules\workflows\workflow.instance.model.js
FNF:0
FNH:0
DA:1,7
DA:2,7
DA:4,7
DA:26,7
LF:4
LH:4
BRF:0
BRH:0
end_of_record
TN:
SF:modules\workflows\workflow.model.js
FNF:0
FNH:0
DA:1,7
DA:2,7
DA:4,7
DA:12,7
LF:4
LH:4
BRF:0
BRH:0
end_of_record
TN:
SF:modules\workflows\workflow.routes.js
FNF:0
FNH:0
DA:1,7
DA:2,7
DA:3,7
DA:4,7
DA:5,7
DA:8,7
DA:9,7
DA:10,7
DA:11,7
DA:12,7
DA:13,7
DA:16,7
DA:17,7
DA:18,7
DA:19,7
DA:20,7
DA:21,7
DA:23,7
LF:18
LH:18
BRF:0
BRH:0
end_of_record
TN:
SF:modules\workflows\workflow.service.js
FN:5,createWorkflow
FN:10,listWorkflows
FN:16,getWorkflow
FN:20,updateWorkflow
FN:24,deleteWorkflow
FN:28,executeWorkflow
FN:37,createWorkflowInstance
FN:49,getWorkflowInstance
FN:53,listWorkflowInstances
FN:60,approveWorkflowInstance
FN:71,rejectWorkflowInstance
FN:82,getPendingApprovals
FNF:12
FNH:0
FNDA:0,createWorkflow
FNDA:0,listWorkflows
FNDA:0,getWorkflow
FNDA:0,updateWorkflow
FNDA:0,deleteWorkflow
FNDA:0,executeWorkflow
FNDA:0,createWorkflowInstance
FNDA:0,getWorkflowInstance
FNDA:0,listWorkflowInstances
FNDA:0,approveWorkflowInstance
FNDA:0,rejectWorkflowInstance
FNDA:0,getPendingApprovals
DA:1,7
DA:2,7
DA:3,7
DA:6,0
DA:7,0
DA:11,0
DA:12,0
DA:13,0
DA:17,0
DA:21,0
DA:25,0
DA:29,0
DA:30,0
DA:33,0
DA:38,0
DA:39,0
DA:41,0
DA:42,0
DA:43,0
DA:45,0
DA:46,0
DA:50,0
DA:54,0
DA:55,0
DA:56,0
DA:57,0
DA:61,0
DA:62,0
DA:64,0
DA:65,0
DA:67,0
DA:68,0
DA:72,0
DA:73,0
DA:75,0
DA:76,0
DA:78,0
DA:79,0
DA:84,0
DA:97,7
LF:40
LH:4
BRDA:10,0,0,0
BRDA:10,1,0,0
BRDA:10,2,0,0
BRDA:12,3,0,0
BRDA:12,3,1,0
BRDA:30,4,0,0
BRDA:30,4,1,0
BRDA:30,5,0,0
BRDA:30,5,1,0
BRDA:37,6,0,0
BRDA:39,7,0,0
BRDA:39,7,1,0
BRDA:39,8,0,0
BRDA:39,8,1,0
BRDA:53,9,0,0
BRDA:53,10,0,0
BRDA:53,11,0,0
BRDA:55,12,0,0
BRDA:55,12,1,0
BRDA:56,13,0,0
BRDA:56,13,1,0
BRDA:60,14,0,0
BRDA:62,15,0,0
BRDA:62,15,1,0
BRDA:71,16,0,0
BRDA:73,17,0,0
BRDA:73,17,1,0
BRF:27
BRH:0
end_of_record
TN:
SF:modules\workflows\workflow.validation.js
FNF:0
FNH:0
DA:1,7
DA:3,7
DA:10,7
DA:17,7
DA:23,7
DA:27,7
LF:6
LH:6
BRF:0
BRH:0
end_of_record
TN:
SF:utils\slugify.js
FN:1,(anonymous_0)
FNF:1
FNH:0
FNDA:0,(anonymous_0)
DA:1,4
DA:2,0
DA:9,4
LF:3
LH:2
BRDA:1,0,0,0
BRF:1
BRH:0
end_of_record
